This file contains any messages produced by compilers while
running configure, to aid debugging if configure makes a mistake.

It was created by pcb2gcode configure 1.1.4, which was
generated by GNU Autoconf 2.69.  Invocation command line was

  $ ./configure --with-gnu-ld

## --------- ##
## Platform. ##
## --------- ##

hostname = bling
uname -m = x86_64
uname -r = 3.9.10-100.fc17.x86_64
uname -s = Linux
uname -v = #1 SMP Sun Jul 14 01:31:27 UTC 2013

/usr/bin/uname -p = x86_64
/bin/uname -X     = unknown

/bin/arch              = x86_64
/usr/bin/arch -k       = unknown
/usr/convex/getsysinfo = unknown
/usr/bin/hostinfo      = unknown
/bin/machine           = unknown
/usr/bin/oslevel       = unknown
/bin/universe          = unknown

PATH: /usr/lib64/ccache
PATH: /sbin
PATH: /bin
PATH: /usr/sbin
PATH: /usr/bin
PATH: /opt/microchip/xc8/v1.21/bin
PATH: /opt/microchip/xc32/v1.31/bin


## ----------- ##
## Core tests. ##
## ----------- ##

configure:2474: checking for a BSD-compatible install
configure:2542: result: /bin/install -c
configure:2553: checking whether build environment is sane
configure:2608: result: yes
configure:2759: checking for a thread-safe mkdir -p
configure:2798: result: /bin/mkdir -p
configure:2805: checking for gawk
configure:2821: found /bin/gawk
configure:2832: result: gawk
configure:2843: checking whether make sets $(MAKE)
configure:2865: result: yes
configure:3012: checking for g++
configure:3028: found /usr/lib64/ccache/g++
configure:3039: result: g++
configure:3066: checking for C++ compiler version
configure:3075: g++ --version >&5
g++ (GCC) 4.7.2 20120921 (Red Hat 4.7.2-2)
Copyright (C) 2012 Free Software Foundation, Inc.
This is free software; see the source for copying conditions.  There is NO
warranty; not even for MERCHANTABILITY or FITNESS FOR A PARTICULAR PURPOSE.

configure:3086: $? = 0
configure:3075: g++ -v >&5
Using built-in specs.
COLLECT_GCC=/bin/g++
COLLECT_LTO_WRAPPER=/usr/libexec/gcc/x86_64-redhat-linux/4.7.2/lto-wrapper
Target: x86_64-redhat-linux
Configured with: ../configure --prefix=/usr --mandir=/usr/share/man --infodir=/usr/share/info --with-bugurl=http://bugzilla.redhat.com/bugzilla --enable-bootstrap --enable-shared --enable-threads=posix --enable-checking=release --disable-build-with-cxx --disable-build-poststage1-with-cxx --with-system-zlib --enable-__cxa_atexit --disable-libunwind-exceptions --enable-gnu-unique-object --enable-linker-build-id --with-linker-hash-style=gnu --enable-languages=c,c++,objc,obj-c++,java,fortran,ada,go,lto --enable-plugin --enable-initfini-array --enable-java-awt=gtk --disable-dssi --with-java-home=/usr/lib/jvm/java-1.5.0-gcj-1.5.0.0/jre --enable-libgcj-multifile --enable-java-maintainer-mode --with-ecj-jar=/usr/share/java/eclipse-ecj.jar --disable-libjava-multilib --with-ppl --with-cloog --with-tune=generic --with-arch_32=i686 --build=x86_64-redhat-linux
Thread model: posix
gcc version 4.7.2 20120921 (Red Hat 4.7.2-2) (GCC) 
configure:3086: $? = 0
configure:3075: g++ -V >&5
g++: error: unrecognized command line option '-V'
g++: fatal error: no input files
compilation terminated.
configure:3086: $? = 4
configure:3075: g++ -qversion >&5
g++: error: unrecognized command line option '-qversion'
g++: fatal error: no input files
compilation terminated.
configure:3086: $? = 4
configure:3106: checking whether the C++ compiler works
configure:3128: g++    conftest.cpp  >&5
configure:3132: $? = 0
configure:3180: result: yes
configure:3183: checking for C++ compiler default output file name
configure:3185: result: a.out
configure:3191: checking for suffix of executables
configure:3198: g++ -o conftest    conftest.cpp  >&5
configure:3202: $? = 0
configure:3224: result: 
configure:3246: checking whether we are cross compiling
configure:3254: g++ -o conftest    conftest.cpp  >&5
configure:3258: $? = 0
configure:3265: ./conftest
configure:3269: $? = 0
configure:3284: result: no
configure:3289: checking for suffix of object files
configure:3311: g++ -c   conftest.cpp >&5
configure:3315: $? = 0
configure:3336: result: o
configure:3340: checking whether we are using the GNU C++ compiler
configure:3359: g++ -c   conftest.cpp >&5
configure:3359: $? = 0
configure:3368: result: yes
configure:3377: checking whether g++ accepts -g
configure:3397: g++ -c -g  conftest.cpp >&5
configure:3397: $? = 0
configure:3438: result: yes
configure:3472: checking for style of include used by make
configure:3500: result: GNU
configure:3526: checking dependency style of g++
configure:3637: result: gcc3
configure:3700: checking for gcc
configure:3716: found /usr/lib64/ccache/gcc
configure:3727: result: gcc
configure:3956: checking for C compiler version
configure:3965: gcc --version >&5
gcc (GCC) 4.7.2 20120921 (Red Hat 4.7.2-2)
Copyright (C) 2012 Free Software Foundation, Inc.
This is free software; see the source for copying conditions.  There is NO
warranty; not even for MERCHANTABILITY or FITNESS FOR A PARTICULAR PURPOSE.

configure:3976: $? = 0
configure:3965: gcc -v >&5
Using built-in specs.
COLLECT_GCC=/bin/gcc
COLLECT_LTO_WRAPPER=/usr/libexec/gcc/x86_64-redhat-linux/4.7.2/lto-wrapper
Target: x86_64-redhat-linux
Configured with: ../configure --prefix=/usr --mandir=/usr/share/man --infodir=/usr/share/info --with-bugurl=http://bugzilla.redhat.com/bugzilla --enable-bootstrap --enable-shared --enable-threads=posix --enable-checking=release --disable-build-with-cxx --disable-build-poststage1-with-cxx --with-system-zlib --enable-__cxa_atexit --disable-libunwind-exceptions --enable-gnu-unique-object --enable-linker-build-id --with-linker-hash-style=gnu --enable-languages=c,c++,objc,obj-c++,java,fortran,ada,go,lto --enable-plugin --enable-initfini-array --enable-java-awt=gtk --disable-dssi --with-java-home=/usr/lib/jvm/java-1.5.0-gcj-1.5.0.0/jre --enable-libgcj-multifile --enable-java-maintainer-mode --with-ecj-jar=/usr/share/java/eclipse-ecj.jar --disable-libjava-multilib --with-ppl --with-cloog --with-tune=generic --with-arch_32=i686 --build=x86_64-redhat-linux
Thread model: posix
gcc version 4.7.2 20120921 (Red Hat 4.7.2-2) (GCC) 
configure:3976: $? = 0
configure:3965: gcc -V >&5
gcc: error: unrecognized command line option '-V'
gcc: fatal error: no input files
compilation terminated.
configure:3976: $? = 4
configure:3965: gcc -qversion >&5
gcc: error: unrecognized command line option '-qversion'
gcc: fatal error: no input files
compilation terminated.
configure:3976: $? = 4
configure:3980: checking whether we are using the GNU C compiler
configure:3999: gcc -c   conftest.c >&5
configure:3999: $? = 0
configure:4008: result: yes
configure:4017: checking whether gcc accepts -g
configure:4037: gcc -c -g  conftest.c >&5
configure:4037: $? = 0
configure:4078: result: yes
configure:4095: checking for gcc option to accept ISO C89
configure:4158: gcc  -c -g -O2  conftest.c >&5
configure:4158: $? = 0
configure:4171: result: none needed
configure:4193: checking dependency style of gcc
configure:4304: result: gcc3
configure:4348: checking build system type
configure:4362: result: x86_64-unknown-linux-gnu
configure:4382: checking host system type
configure:4395: result: x86_64-unknown-linux-gnu
configure:4436: checking how to print strings
configure:4463: result: printf
configure:4484: checking for a sed that does not truncate output
configure:4548: result: /bin/sed
configure:4566: checking for grep that handles long lines and -e
configure:4624: result: /bin/grep
configure:4629: checking for egrep
configure:4691: result: /bin/grep -E
configure:4696: checking for fgrep
configure:4758: result: /bin/grep -F
configure:4793: checking for ld used by gcc
configure:4860: result: /bin/ld
configure:4867: checking if the linker (/bin/ld) is GNU ld
configure:4882: result: yes
configure:4894: checking for BSD- or MS-compatible name lister (nm)
configure:4943: result: /bin/nm -B
configure:5073: checking the name lister (/bin/nm -B) interface
configure:5080: gcc -c -g -O2  conftest.c >&5
configure:5083: /bin/nm -B "conftest.o"
configure:5086: output
0000000000000000 B some_variable
configure:5093: result: BSD nm
configure:5096: checking whether ln -s works
configure:5100: result: yes
configure:5108: checking the maximum length of command line arguments
configure:5238: result: 1572864
configure:5255: checking whether the shell understands some XSI constructs
configure:5265: result: yes
configure:5269: checking whether the shell understands "+="
configure:5275: result: yes
configure:5310: checking how to convert x86_64-unknown-linux-gnu file names to x86_64-unknown-linux-gnu format
configure:5350: result: func_convert_file_noop
configure:5357: checking how to convert x86_64-unknown-linux-gnu file names to toolchain format
configure:5377: result: func_convert_file_noop
configure:5384: checking for /bin/ld option to reload object files
configure:5391: result: -r
configure:5465: checking for objdump
configure:5481: found /bin/objdump
configure:5492: result: objdump
configure:5524: checking how to recognize dependent libraries
configure:5726: result: pass_all
configure:5811: checking for dlltool
configure:5841: result: no
configure:5871: checking how to associate runtime and link libraries
configure:5898: result: printf %s\n
configure:5959: checking for ar
configure:5975: found /bin/ar
configure:5986: result: ar
configure:6023: checking for archiver @FILE support
configure:6040: gcc -c -g -O2  conftest.c >&5
configure:6040: $? = 0
configure:6043: ar cru libconftest.a @conftest.lst >&5
configure:6046: $? = 0
configure:6051: ar cru libconftest.a @conftest.lst >&5
ar: conftest.o: No such file or directory
configure:6054: $? = 1
configure:6066: result: @
configure:6124: checking for strip
configure:6140: found /bin/strip
configure:6151: result: strip
configure:6223: checking for ranlib
configure:6239: found /bin/ranlib
configure:6250: result: ranlib
configure:6352: checking command to parse /bin/nm -B output from gcc object
configure:6472: gcc -c -g -O2  conftest.c >&5
configure:6475: $? = 0
configure:6479: /bin/nm -B conftest.o \| sed -n -e 's/^.*[ ]\([ABCDGIRSTW][ABCDGIRSTW]*\)[ ][ ]*\([_A-Za-z][_A-Za-z0-9]*\)$/\1 \2 \2/p' | sed '/ __gnu_lto/d' \> conftest.nm
configure:6482: $? = 0
configure:6548: gcc -o conftest -g -O2   conftest.c conftstm.o >&5
configure:6551: $? = 0
configure:6589: result: ok
configure:6626: checking for sysroot
configure:6656: result: no
configure:6733: gcc -c -g -O2  conftest.c >&5
configure:6736: $? = 0
configure:6912: checking for mt
configure:6942: result: no
configure:6962: checking if : is a manifest tool
configure:6968: : '-?'
configure:6976: result: no
configure:7618: checking how to run the C preprocessor
configure:7649: gcc -E  conftest.c
configure:7649: $? = 0
configure:7663: gcc -E  conftest.c
conftest.c:11:28: fatal error: ac_nonexistent.h: No such file or directory
compilation terminated.
configure:7663: $? = 1
configure: failed program was:
| /* confdefs.h */
| #define PACKAGE_NAME "pcb2gcode"
| #define PACKAGE_TARNAME "pcb2gcode"
| #define PACKAGE_VERSION "1.1.4"
| #define PACKAGE_STRING "pcb2gcode 1.1.4"
| #define PACKAGE_BUGREPORT "pbirnzain@users.sourceforge.net"
| #define PACKAGE_URL ""
| #define PACKAGE "pcb2gcode"
| #define VERSION "1.1.4"
| /* end confdefs.h.  */
| #include <ac_nonexistent.h>
configure:7688: result: gcc -E
configure:7708: gcc -E  conftest.c
configure:7708: $? = 0
configure:7722: gcc -E  conftest.c
conftest.c:11:28: fatal error: ac_nonexistent.h: No such file or directory
compilation terminated.
configure:7722: $? = 1
configure: failed program was:
| /* confdefs.h */
| #define PACKAGE_NAME "pcb2gcode"
| #define PACKAGE_TARNAME "pcb2gcode"
| #define PACKAGE_VERSION "1.1.4"
| #define PACKAGE_STRING "pcb2gcode 1.1.4"
| #define PACKAGE_BUGREPORT "pbirnzain@users.sourceforge.net"
| #define PACKAGE_URL ""
| #define PACKAGE "pcb2gcode"
| #define VERSION "1.1.4"
| /* end confdefs.h.  */
| #include <ac_nonexistent.h>
configure:7751: checking for ANSI C header files
configure:7771: gcc -c -g -O2  conftest.c >&5
configure:7771: $? = 0
configure:7844: gcc -o conftest -g -O2   conftest.c  >&5
configure:7844: $? = 0
configure:7844: ./conftest
configure:7844: $? = 0
configure:7855: result: yes
configure:7868: checking for sys/types.h
configure:7868: gcc -c -g -O2  conftest.c >&5
configure:7868: $? = 0
configure:7868: result: yes
configure:7868: checking for sys/stat.h
configure:7868: gcc -c -g -O2  conftest.c >&5
configure:7868: $? = 0
configure:7868: result: yes
configure:7868: checking for stdlib.h
configure:7868: gcc -c -g -O2  conftest.c >&5
configure:7868: $? = 0
configure:7868: result: yes
configure:7868: checking for string.h
configure:7868: gcc -c -g -O2  conftest.c >&5
configure:7868: $? = 0
configure:7868: result: yes
configure:7868: checking for memory.h
configure:7868: gcc -c -g -O2  conftest.c >&5
configure:7868: $? = 0
configure:7868: result: yes
configure:7868: checking for strings.h
configure:7868: gcc -c -g -O2  conftest.c >&5
configure:7868: $? = 0
configure:7868: result: yes
configure:7868: checking for inttypes.h
configure:7868: gcc -c -g -O2  conftest.c >&5
configure:7868: $? = 0
configure:7868: result: yes
configure:7868: checking for stdint.h
configure:7868: gcc -c -g -O2  conftest.c >&5
configure:7868: $? = 0
configure:7868: result: yes
configure:7868: checking for unistd.h
configure:7868: gcc -c -g -O2  conftest.c >&5
configure:7868: $? = 0
configure:7868: result: yes
configure:7882: checking for dlfcn.h
configure:7882: gcc -c -g -O2  conftest.c >&5
configure:7882: $? = 0
configure:7882: result: yes
configure:8099: checking for objdir
configure:8114: result: .libs
configure:8385: checking if gcc supports -fno-rtti -fno-exceptions
configure:8403: gcc -c -g -O2  -fno-rtti -fno-exceptions conftest.c >&5
cc1: warning: command line option '-fno-rtti' is valid for C++/ObjC++ but not for C [enabled by default]
cc1: warning: command line option '-fno-rtti' is valid for C++/ObjC++ but not for C [enabled by default]
configure:8407: $? = 0
configure:8420: result: no
configure:8747: checking for gcc option to produce PIC
configure:8754: result: -fPIC -DPIC
configure:8762: checking if gcc PIC flag -fPIC -DPIC works
configure:8780: gcc -c -g -O2  -fPIC -DPIC -DPIC conftest.c >&5
configure:8784: $? = 0
configure:8797: result: yes
configure:8826: checking if gcc static flag -static works
configure:8854: result: no
configure:8869: checking if gcc supports -c -o file.o
configure:8890: gcc -c -g -O2  -o out/conftest2.o conftest.c >&5
configure:8894: $? = 0
configure:8916: result: yes
configure:8924: checking if gcc supports -c -o file.o
configure:8971: result: yes
configure:9004: checking whether the gcc linker (/bin/ld -m elf_x86_64) supports shared libraries
configure:10157: result: yes
configure:10194: checking whether -lc should be explicitly linked in
configure:10202: gcc -c -g -O2  conftest.c >&5
configure:10205: $? = 0
configure:10220: gcc -shared  -fPIC -DPIC conftest.o  -v -Wl,-soname -Wl,conftest -o conftest 2\>\&1 \| /bin/grep  -lc  \>/dev/null 2\>\&1
configure:10223: $? = 0
configure:10237: result: no
configure:10397: checking dynamic linker characteristics
configure:10908: gcc -o conftest -g -O2   -Wl,-rpath -Wl,/foo conftest.c  >&5
configure:10908: $? = 0
configure:11134: result: GNU/Linux ld.so
configure:11241: checking how to hardcode library paths into programs
configure:11266: result: immediate
configure:11806: checking whether stripping libraries is possible
configure:11811: result: yes
configure:11846: checking if libtool supports shared libraries
configure:11848: result: yes
configure:11851: checking whether to build shared libraries
configure:11872: result: yes
configure:11875: checking whether to build static libraries
configure:11879: result: yes
configure:11902: checking how to run the C++ preprocessor
configure:11929: g++ -E  conftest.cpp
configure:11929: $? = 0
configure:11943: g++ -E  conftest.cpp
conftest.cpp:23:28: fatal error: ac_nonexistent.h: No such file or directory
compilation terminated.
configure:11943: $? = 1
configure: failed program was:
| /* confdefs.h */
| #define PACKAGE_NAME "pcb2gcode"
| #define PACKAGE_TARNAME "pcb2gcode"
| #define PACKAGE_VERSION "1.1.4"
| #define PACKAGE_STRING "pcb2gcode 1.1.4"
| #define PACKAGE_BUGREPORT "pbirnzain@users.sourceforge.net"
| #define PACKAGE_URL ""
| #define PACKAGE "pcb2gcode"
| #define VERSION "1.1.4"
| #define STDC_HEADERS 1
| #define HAVE_SYS_TYPES_H 1
| #define HAVE_SYS_STAT_H 1
| #define HAVE_STDLIB_H 1
| #define HAVE_STRING_H 1
| #define HAVE_MEMORY_H 1
| #define HAVE_STRINGS_H 1
| #define HAVE_INTTYPES_H 1
| #define HAVE_STDINT_H 1
| #define HAVE_UNISTD_H 1
| #define HAVE_DLFCN_H 1
| #define LT_OBJDIR ".libs/"
| /* end confdefs.h.  */
| #include <ac_nonexistent.h>
configure:11968: result: g++ -E
configure:11988: g++ -E  conftest.cpp
configure:11988: $? = 0
configure:12002: g++ -E  conftest.cpp
conftest.cpp:23:28: fatal error: ac_nonexistent.h: No such file or directory
compilation terminated.
configure:12002: $? = 1
configure: failed program was:
| /* confdefs.h */
| #define PACKAGE_NAME "pcb2gcode"
| #define PACKAGE_TARNAME "pcb2gcode"
| #define PACKAGE_VERSION "1.1.4"
| #define PACKAGE_STRING "pcb2gcode 1.1.4"
| #define PACKAGE_BUGREPORT "pbirnzain@users.sourceforge.net"
| #define PACKAGE_URL ""
| #define PACKAGE "pcb2gcode"
| #define VERSION "1.1.4"
| #define STDC_HEADERS 1
| #define HAVE_SYS_TYPES_H 1
| #define HAVE_SYS_STAT_H 1
| #define HAVE_STDLIB_H 1
| #define HAVE_STRING_H 1
| #define HAVE_MEMORY_H 1
| #define HAVE_STRINGS_H 1
| #define HAVE_INTTYPES_H 1
| #define HAVE_STDINT_H 1
| #define HAVE_UNISTD_H 1
| #define HAVE_DLFCN_H 1
| #define LT_OBJDIR ".libs/"
| /* end confdefs.h.  */
| #include <ac_nonexistent.h>
configure:12171: checking for ld used by g++
configure:12238: result: /bin/ld -m elf_x86_64
configure:12245: checking if the linker (/bin/ld -m elf_x86_64) is GNU ld
configure:12260: result: yes
configure:12315: checking whether the g++ linker (/bin/ld -m elf_x86_64) supports shared libraries
configure:13320: result: yes
configure:13356: g++ -c -g -O2  conftest.cpp >&5
configure:13359: $? = 0
configure:13879: checking for g++ option to produce PIC
configure:13886: result: -fPIC -DPIC
configure:13894: checking if g++ PIC flag -fPIC -DPIC works
configure:13912: g++ -c -g -O2  -fPIC -DPIC -DPIC conftest.cpp >&5
configure:13916: $? = 0
configure:13929: result: yes
configure:13952: checking if g++ static flag -static works
configure:13980: result: no
configure:13992: checking if g++ supports -c -o file.o
configure:14013: g++ -c -g -O2  -o out/conftest2.o conftest.cpp >&5
configure:14017: $? = 0
configure:14039: result: yes
configure:14044: checking if g++ supports -c -o file.o
configure:14091: result: yes
configure:14121: checking whether the g++ linker (/bin/ld -m elf_x86_64) supports shared libraries
configure:14157: result: yes
configure:14298: checking dynamic linker characteristics
configure:14969: result: GNU/Linux ld.so
configure:15022: checking how to hardcode library paths into programs
configure:15047: result: immediate
configure:15122: checking for Boost headers version >= 1.39.0
configure:15179: g++ -c -g -O2  -I/usr/include conftest.cpp >&5
configure:15179: $? = 0
configure:15201: result: /usr/include
configure:15214: checking for Boost's header version
configure:15226: result: 1_48
configure:15229: checking for the toolset name used by Boost for g++
configure:15298: g++ -c -g -O2  conftest.cpp >&5
conftest.cpp:27:3: error: #error defined __GNUC__ && __GNUC__ == 4 && __GNUC_MINOR__ == 2 && !defined __ICC
configure:15298: $? = 1
configure: failed program was:
| /* confdefs.h */
| #define PACKAGE_NAME "pcb2gcode"
| #define PACKAGE_TARNAME "pcb2gcode"
| #define PACKAGE_VERSION "1.1.4"
| #define PACKAGE_STRING "pcb2gcode 1.1.4"
| #define PACKAGE_BUGREPORT "pbirnzain@users.sourceforge.net"
| #define PACKAGE_URL ""
| #define PACKAGE "pcb2gcode"
| #define VERSION "1.1.4"
| #define STDC_HEADERS 1
| #define HAVE_SYS_TYPES_H 1
| #define HAVE_SYS_STAT_H 1
| #define HAVE_STDLIB_H 1
| #define HAVE_STRING_H 1
| #define HAVE_MEMORY_H 1
| #define HAVE_STRINGS_H 1
| #define HAVE_INTTYPES_H 1
| #define HAVE_STDINT_H 1
| #define HAVE_UNISTD_H 1
| #define HAVE_DLFCN_H 1
| #define LT_OBJDIR ".libs/"
| /* end confdefs.h.  */
| 
| #if defined __GNUC__ && __GNUC__ == 4 && __GNUC_MINOR__ == 2 && !defined __ICC
| /* OK */
| #else
| # error defined __GNUC__ && __GNUC__ == 4 && __GNUC_MINOR__ == 2 && !defined __ICC
| #endif
| 
| int
| main ()
| {
| 
|   ;
|   return 0;
| }
configure:15298: g++ -c -g -O2  conftest.cpp >&5
conftest.cpp:27:3: error: #error defined __GNUC__ && __GNUC__ == 4 && __GNUC_MINOR__ == 1 && !defined __ICC
configure:15298: $? = 1
configure: failed program was:
| /* confdefs.h */
| #define PACKAGE_NAME "pcb2gcode"
| #define PACKAGE_TARNAME "pcb2gcode"
| #define PACKAGE_VERSION "1.1.4"
| #define PACKAGE_STRING "pcb2gcode 1.1.4"
| #define PACKAGE_BUGREPORT "pbirnzain@users.sourceforge.net"
| #define PACKAGE_URL ""
| #define PACKAGE "pcb2gcode"
| #define VERSION "1.1.4"
| #define STDC_HEADERS 1
| #define HAVE_SYS_TYPES_H 1
| #define HAVE_SYS_STAT_H 1
| #define HAVE_STDLIB_H 1
| #define HAVE_STRING_H 1
| #define HAVE_MEMORY_H 1
| #define HAVE_STRINGS_H 1
| #define HAVE_INTTYPES_H 1
| #define HAVE_STDINT_H 1
| #define HAVE_UNISTD_H 1
| #define HAVE_DLFCN_H 1
| #define LT_OBJDIR ".libs/"
| /* end confdefs.h.  */
| 
| #if defined __GNUC__ && __GNUC__ == 4 && __GNUC_MINOR__ == 1 && !defined __ICC
| /* OK */
| #else
| # error defined __GNUC__ && __GNUC__ == 4 && __GNUC_MINOR__ == 1 && !defined __ICC
| #endif
| 
| int
| main ()
| {
| 
|   ;
|   return 0;
| }
configure:15298: g++ -c -g -O2  conftest.cpp >&5
conftest.cpp:27:3: error: #error defined __GNUC__ && __GNUC__ == 4 && __GNUC_MINOR__ == 0 && !defined __ICC
configure:15298: $? = 1
configure: failed program was:
| /* confdefs.h */
| #define PACKAGE_NAME "pcb2gcode"
| #define PACKAGE_TARNAME "pcb2gcode"
| #define PACKAGE_VERSION "1.1.4"
| #define PACKAGE_STRING "pcb2gcode 1.1.4"
| #define PACKAGE_BUGREPORT "pbirnzain@users.sourceforge.net"
| #define PACKAGE_URL ""
| #define PACKAGE "pcb2gcode"
| #define VERSION "1.1.4"
| #define STDC_HEADERS 1
| #define HAVE_SYS_TYPES_H 1
| #define HAVE_SYS_STAT_H 1
| #define HAVE_STDLIB_H 1
| #define HAVE_STRING_H 1
| #define HAVE_MEMORY_H 1
| #define HAVE_STRINGS_H 1
| #define HAVE_INTTYPES_H 1
| #define HAVE_STDINT_H 1
| #define HAVE_UNISTD_H 1
| #define HAVE_DLFCN_H 1
| #define LT_OBJDIR ".libs/"
| /* end confdefs.h.  */
| 
| #if defined __GNUC__ && __GNUC__ == 4 && __GNUC_MINOR__ == 0 && !defined __ICC
| /* OK */
| #else
| # error defined __GNUC__ && __GNUC__ == 4 && __GNUC_MINOR__ == 0 && !defined __ICC
| #endif
| 
| int
| main ()
| {
| 
|   ;
|   return 0;
| }
configure:15298: g++ -c -g -O2  conftest.cpp >&5
conftest.cpp:27:3: error: #error defined __GNUC__ && __GNUC__ == 3 && !defined __ICC && (defined WIN32 || defined WINNT || defined _WIN32 || defined __WIN32 || defined __WIN32__ || defined __WINNT || defined __WINNT__)
configure:15298: $? = 1
configure: failed program was:
| /* confdefs.h */
| #define PACKAGE_NAME "pcb2gcode"
| #define PACKAGE_TARNAME "pcb2gcode"
| #define PACKAGE_VERSION "1.1.4"
| #define PACKAGE_STRING "pcb2gcode 1.1.4"
| #define PACKAGE_BUGREPORT "pbirnzain@users.sourceforge.net"
| #define PACKAGE_URL ""
| #define PACKAGE "pcb2gcode"
| #define VERSION "1.1.4"
| #define STDC_HEADERS 1
| #define HAVE_SYS_TYPES_H 1
| #define HAVE_SYS_STAT_H 1
| #define HAVE_STDLIB_H 1
| #define HAVE_STRING_H 1
| #define HAVE_MEMORY_H 1
| #define HAVE_STRINGS_H 1
| #define HAVE_INTTYPES_H 1
| #define HAVE_STDINT_H 1
| #define HAVE_UNISTD_H 1
| #define HAVE_DLFCN_H 1
| #define LT_OBJDIR ".libs/"
| /* end confdefs.h.  */
| 
| #if defined __GNUC__ && __GNUC__ == 3 && !defined __ICC      && (defined WIN32 || defined WINNT || defined _WIN32 || defined __WIN32          || defined __WIN32__ || defined __WINNT || defined __WINNT__)
| /* OK */
| #else
| # error defined __GNUC__ && __GNUC__ == 3 && !defined __ICC      && (defined WIN32 || defined WINNT || defined _WIN32 || defined __WIN32          || defined __WIN32__ || defined __WINNT || defined __WINNT__)
| #endif
| 
| int
| main ()
| {
| 
|   ;
|   return 0;
| }
configure:15298: g++ -c -g -O2  conftest.cpp >&5
conftest.cpp:27:3: error: #error defined __GNUC__ && __GNUC__ == 3 && __GNUC_MINOR__ == 4 && !defined __ICC
configure:15298: $? = 1
configure: failed program was:
| /* confdefs.h */
| #define PACKAGE_NAME "pcb2gcode"
| #define PACKAGE_TARNAME "pcb2gcode"
| #define PACKAGE_VERSION "1.1.4"
| #define PACKAGE_STRING "pcb2gcode 1.1.4"
| #define PACKAGE_BUGREPORT "pbirnzain@users.sourceforge.net"
| #define PACKAGE_URL ""
| #define PACKAGE "pcb2gcode"
| #define VERSION "1.1.4"
| #define STDC_HEADERS 1
| #define HAVE_SYS_TYPES_H 1
| #define HAVE_SYS_STAT_H 1
| #define HAVE_STDLIB_H 1
| #define HAVE_STRING_H 1
| #define HAVE_MEMORY_H 1
| #define HAVE_STRINGS_H 1
| #define HAVE_INTTYPES_H 1
| #define HAVE_STDINT_H 1
| #define HAVE_UNISTD_H 1
| #define HAVE_DLFCN_H 1
| #define LT_OBJDIR ".libs/"
| /* end confdefs.h.  */
| 
| #if defined __GNUC__ && __GNUC__ == 3 && __GNUC_MINOR__ == 4 && !defined __ICC
| /* OK */
| #else
| # error defined __GNUC__ && __GNUC__ == 3 && __GNUC_MINOR__ == 4 && !defined __ICC
| #endif
| 
| int
| main ()
| {
| 
|   ;
|   return 0;
| }
configure:15298: g++ -c -g -O2  conftest.cpp >&5
conftest.cpp:27:3: error: #error defined __GNUC__ && __GNUC__ == 3 && __GNUC_MINOR__ == 3 && !defined __ICC
configure:15298: $? = 1
configure: failed program was:
| /* confdefs.h */
| #define PACKAGE_NAME "pcb2gcode"
| #define PACKAGE_TARNAME "pcb2gcode"
| #define PACKAGE_VERSION "1.1.4"
| #define PACKAGE_STRING "pcb2gcode 1.1.4"
| #define PACKAGE_BUGREPORT "pbirnzain@users.sourceforge.net"
| #define PACKAGE_URL ""
| #define PACKAGE "pcb2gcode"
| #define VERSION "1.1.4"
| #define STDC_HEADERS 1
| #define HAVE_SYS_TYPES_H 1
| #define HAVE_SYS_STAT_H 1
| #define HAVE_STDLIB_H 1
| #define HAVE_STRING_H 1
| #define HAVE_MEMORY_H 1
| #define HAVE_STRINGS_H 1
| #define HAVE_INTTYPES_H 1
| #define HAVE_STDINT_H 1
| #define HAVE_UNISTD_H 1
| #define HAVE_DLFCN_H 1
| #define LT_OBJDIR ".libs/"
| /* end confdefs.h.  */
| 
| #if defined __GNUC__ && __GNUC__ == 3 && __GNUC_MINOR__ == 3 && !defined __ICC
| /* OK */
| #else
| # error defined __GNUC__ && __GNUC__ == 3 && __GNUC_MINOR__ == 3 && !defined __ICC
| #endif
| 
| int
| main ()
| {
| 
|   ;
|   return 0;
| }
configure:15298: g++ -c -g -O2  conftest.cpp >&5
conftest.cpp:27:3: error: #error defined _MSC_VER && _MSC_VER >= 1400
configure:15298: $? = 1
configure: failed program was:
| /* confdefs.h */
| #define PACKAGE_NAME "pcb2gcode"
| #define PACKAGE_TARNAME "pcb2gcode"
| #define PACKAGE_VERSION "1.1.4"
| #define PACKAGE_STRING "pcb2gcode 1.1.4"
| #define PACKAGE_BUGREPORT "pbirnzain@users.sourceforge.net"
| #define PACKAGE_URL ""
| #define PACKAGE "pcb2gcode"
| #define VERSION "1.1.4"
| #define STDC_HEADERS 1
| #define HAVE_SYS_TYPES_H 1
| #define HAVE_SYS_STAT_H 1
| #define HAVE_STDLIB_H 1
| #define HAVE_STRING_H 1
| #define HAVE_MEMORY_H 1
| #define HAVE_STRINGS_H 1
| #define HAVE_INTTYPES_H 1
| #define HAVE_STDINT_H 1
| #define HAVE_UNISTD_H 1
| #define HAVE_DLFCN_H 1
| #define LT_OBJDIR ".libs/"
| /* end confdefs.h.  */
| 
| #if defined _MSC_VER && _MSC_VER >= 1400
| /* OK */
| #else
| # error defined _MSC_VER && _MSC_VER >= 1400
| #endif
| 
| int
| main ()
| {
| 
|   ;
|   return 0;
| }
configure:15298: g++ -c -g -O2  conftest.cpp >&5
conftest.cpp:27:3: error: #error defined __GNUC__ && __GNUC__ == 3 && __GNUC_MINOR__ == 2 && !defined __ICC
configure:15298: $? = 1
configure: failed program was:
| /* confdefs.h */
| #define PACKAGE_NAME "pcb2gcode"
| #define PACKAGE_TARNAME "pcb2gcode"
| #define PACKAGE_VERSION "1.1.4"
| #define PACKAGE_STRING "pcb2gcode 1.1.4"
| #define PACKAGE_BUGREPORT "pbirnzain@users.sourceforge.net"
| #define PACKAGE_URL ""
| #define PACKAGE "pcb2gcode"
| #define VERSION "1.1.4"
| #define STDC_HEADERS 1
| #define HAVE_SYS_TYPES_H 1
| #define HAVE_SYS_STAT_H 1
| #define HAVE_STDLIB_H 1
| #define HAVE_STRING_H 1
| #define HAVE_MEMORY_H 1
| #define HAVE_STRINGS_H 1
| #define HAVE_INTTYPES_H 1
| #define HAVE_STDINT_H 1
| #define HAVE_UNISTD_H 1
| #define HAVE_DLFCN_H 1
| #define LT_OBJDIR ".libs/"
| /* end confdefs.h.  */
| 
| #if defined __GNUC__ && __GNUC__ == 3 && __GNUC_MINOR__ == 2 && !defined __ICC
| /* OK */
| #else
| # error defined __GNUC__ && __GNUC__ == 3 && __GNUC_MINOR__ == 2 && !defined __ICC
| #endif
| 
| int
| main ()
| {
| 
|   ;
|   return 0;
| }
configure:15298: g++ -c -g -O2  conftest.cpp >&5
conftest.cpp:27:3: error: #error defined _MSC_VER && _MSC_VER == 1310
configure:15298: $? = 1
configure: failed program was:
| /* confdefs.h */
| #define PACKAGE_NAME "pcb2gcode"
| #define PACKAGE_TARNAME "pcb2gcode"
| #define PACKAGE_VERSION "1.1.4"
| #define PACKAGE_STRING "pcb2gcode 1.1.4"
| #define PACKAGE_BUGREPORT "pbirnzain@users.sourceforge.net"
| #define PACKAGE_URL ""
| #define PACKAGE "pcb2gcode"
| #define VERSION "1.1.4"
| #define STDC_HEADERS 1
| #define HAVE_SYS_TYPES_H 1
| #define HAVE_SYS_STAT_H 1
| #define HAVE_STDLIB_H 1
| #define HAVE_STRING_H 1
| #define HAVE_MEMORY_H 1
| #define HAVE_STRINGS_H 1
| #define HAVE_INTTYPES_H 1
| #define HAVE_STDINT_H 1
| #define HAVE_UNISTD_H 1
| #define HAVE_DLFCN_H 1
| #define LT_OBJDIR ".libs/"
| /* end confdefs.h.  */
| 
| #if defined _MSC_VER && _MSC_VER == 1310
| /* OK */
| #else
| # error defined _MSC_VER && _MSC_VER == 1310
| #endif
| 
| int
| main ()
| {
| 
|   ;
|   return 0;
| }
configure:15298: g++ -c -g -O2  conftest.cpp >&5
conftest.cpp:27:3: error: #error defined __GNUC__ && __GNUC__ == 3 && __GNUC_MINOR__ == 1 && !defined __ICC
configure:15298: $? = 1
configure: failed program was:
| /* confdefs.h */
| #define PACKAGE_NAME "pcb2gcode"
| #define PACKAGE_TARNAME "pcb2gcode"
| #define PACKAGE_VERSION "1.1.4"
| #define PACKAGE_STRING "pcb2gcode 1.1.4"
| #define PACKAGE_BUGREPORT "pbirnzain@users.sourceforge.net"
| #define PACKAGE_URL ""
| #define PACKAGE "pcb2gcode"
| #define VERSION "1.1.4"
| #define STDC_HEADERS 1
| #define HAVE_SYS_TYPES_H 1
| #define HAVE_SYS_STAT_H 1
| #define HAVE_STDLIB_H 1
| #define HAVE_STRING_H 1
| #define HAVE_MEMORY_H 1
| #define HAVE_STRINGS_H 1
| #define HAVE_INTTYPES_H 1
| #define HAVE_STDINT_H 1
| #define HAVE_UNISTD_H 1
| #define HAVE_DLFCN_H 1
| #define LT_OBJDIR ".libs/"
| /* end confdefs.h.  */
| 
| #if defined __GNUC__ && __GNUC__ == 3 && __GNUC_MINOR__ == 1 && !defined __ICC
| /* OK */
| #else
| # error defined __GNUC__ && __GNUC__ == 3 && __GNUC_MINOR__ == 1 && !defined __ICC
| #endif
| 
| int
| main ()
| {
| 
|   ;
|   return 0;
| }
configure:15298: g++ -c -g -O2  conftest.cpp >&5
conftest.cpp:27:3: error: #error defined __GNUC__ && __GNUC__ == 3 && __GNUC_MINOR__ == 0 && !defined __ICC
configure:15298: $? = 1
configure: failed program was:
| /* confdefs.h */
| #define PACKAGE_NAME "pcb2gcode"
| #define PACKAGE_TARNAME "pcb2gcode"
| #define PACKAGE_VERSION "1.1.4"
| #define PACKAGE_STRING "pcb2gcode 1.1.4"
| #define PACKAGE_BUGREPORT "pbirnzain@users.sourceforge.net"
| #define PACKAGE_URL ""
| #define PACKAGE "pcb2gcode"
| #define VERSION "1.1.4"
| #define STDC_HEADERS 1
| #define HAVE_SYS_TYPES_H 1
| #define HAVE_SYS_STAT_H 1
| #define HAVE_STDLIB_H 1
| #define HAVE_STRING_H 1
| #define HAVE_MEMORY_H 1
| #define HAVE_STRINGS_H 1
| #define HAVE_INTTYPES_H 1
| #define HAVE_STDINT_H 1
| #define HAVE_UNISTD_H 1
| #define HAVE_DLFCN_H 1
| #define LT_OBJDIR ".libs/"
| /* end confdefs.h.  */
| 
| #if defined __GNUC__ && __GNUC__ == 3 && __GNUC_MINOR__ == 0 && !defined __ICC
| /* OK */
| #else
| # error defined __GNUC__ && __GNUC__ == 3 && __GNUC_MINOR__ == 0 && !defined __ICC
| #endif
| 
| int
| main ()
| {
| 
|   ;
|   return 0;
| }
configure:15298: g++ -c -g -O2  conftest.cpp >&5
conftest.cpp:27:3: error: #error defined __BORLANDC__
configure:15298: $? = 1
configure: failed program was:
| /* confdefs.h */
| #define PACKAGE_NAME "pcb2gcode"
| #define PACKAGE_TARNAME "pcb2gcode"
| #define PACKAGE_VERSION "1.1.4"
| #define PACKAGE_STRING "pcb2gcode 1.1.4"
| #define PACKAGE_BUGREPORT "pbirnzain@users.sourceforge.net"
| #define PACKAGE_URL ""
| #define PACKAGE "pcb2gcode"
| #define VERSION "1.1.4"
| #define STDC_HEADERS 1
| #define HAVE_SYS_TYPES_H 1
| #define HAVE_SYS_STAT_H 1
| #define HAVE_STDLIB_H 1
| #define HAVE_STRING_H 1
| #define HAVE_MEMORY_H 1
| #define HAVE_STRINGS_H 1
| #define HAVE_INTTYPES_H 1
| #define HAVE_STDINT_H 1
| #define HAVE_UNISTD_H 1
| #define HAVE_DLFCN_H 1
| #define LT_OBJDIR ".libs/"
| /* end confdefs.h.  */
| 
| #if defined __BORLANDC__
| /* OK */
| #else
| # error defined __BORLANDC__
| #endif
| 
| int
| main ()
| {
| 
|   ;
|   return 0;
| }
configure:15298: g++ -c -g -O2  conftest.cpp >&5
conftest.cpp:24:49: error: operator "defined" requires an identifier
conftest.cpp:24:22: error: missing ')' in expression
conftest.cpp:27:3: error: #error defined __ICC && (defined __unix || defined )
configure:15298: $? = 1
configure: failed program was:
| /* confdefs.h */
| #define PACKAGE_NAME "pcb2gcode"
| #define PACKAGE_TARNAME "pcb2gcode"
| #define PACKAGE_VERSION "1.1.4"
| #define PACKAGE_STRING "pcb2gcode 1.1.4"
| #define PACKAGE_BUGREPORT "pbirnzain@users.sourceforge.net"
| #define PACKAGE_URL ""
| #define PACKAGE "pcb2gcode"
| #define VERSION "1.1.4"
| #define STDC_HEADERS 1
| #define HAVE_SYS_TYPES_H 1
| #define HAVE_SYS_STAT_H 1
| #define HAVE_STDLIB_H 1
| #define HAVE_STRING_H 1
| #define HAVE_MEMORY_H 1
| #define HAVE_STRINGS_H 1
| #define HAVE_INTTYPES_H 1
| #define HAVE_STDINT_H 1
| #define HAVE_UNISTD_H 1
| #define HAVE_DLFCN_H 1
| #define LT_OBJDIR ".libs/"
| /* end confdefs.h.  */
| 
| #if defined __ICC && (defined __unix || defined )
| /* OK */
| #else
| # error defined __ICC && (defined __unix || defined )
| #endif
| 
| int
| main ()
| {
| 
|   ;
|   return 0;
| }
configure:15298: g++ -c -g -O2  conftest.cpp >&5
conftest.cpp:27:3: error: #error defined __ICL
configure:15298: $? = 1
configure: failed program was:
| /* confdefs.h */
| #define PACKAGE_NAME "pcb2gcode"
| #define PACKAGE_TARNAME "pcb2gcode"
| #define PACKAGE_VERSION "1.1.4"
| #define PACKAGE_STRING "pcb2gcode 1.1.4"
| #define PACKAGE_BUGREPORT "pbirnzain@users.sourceforge.net"
| #define PACKAGE_URL ""
| #define PACKAGE "pcb2gcode"
| #define VERSION "1.1.4"
| #define STDC_HEADERS 1
| #define HAVE_SYS_TYPES_H 1
| #define HAVE_SYS_STAT_H 1
| #define HAVE_STDLIB_H 1
| #define HAVE_STRING_H 1
| #define HAVE_MEMORY_H 1
| #define HAVE_STRINGS_H 1
| #define HAVE_INTTYPES_H 1
| #define HAVE_STDINT_H 1
| #define HAVE_UNISTD_H 1
| #define HAVE_DLFCN_H 1
| #define LT_OBJDIR ".libs/"
| /* end confdefs.h.  */
| 
| #if defined __ICL
| /* OK */
| #else
| # error defined __ICL
| #endif
| 
| int
| main ()
| {
| 
|   ;
|   return 0;
| }
configure:15298: g++ -c -g -O2  conftest.cpp >&5
conftest.cpp:27:3: error: #error defined _MSC_VER && _MSC_VER == 1300
configure:15298: $? = 1
configure: failed program was:
| /* confdefs.h */
| #define PACKAGE_NAME "pcb2gcode"
| #define PACKAGE_TARNAME "pcb2gcode"
| #define PACKAGE_VERSION "1.1.4"
| #define PACKAGE_STRING "pcb2gcode 1.1.4"
| #define PACKAGE_BUGREPORT "pbirnzain@users.sourceforge.net"
| #define PACKAGE_URL ""
| #define PACKAGE "pcb2gcode"
| #define VERSION "1.1.4"
| #define STDC_HEADERS 1
| #define HAVE_SYS_TYPES_H 1
| #define HAVE_SYS_STAT_H 1
| #define HAVE_STDLIB_H 1
| #define HAVE_STRING_H 1
| #define HAVE_MEMORY_H 1
| #define HAVE_STRINGS_H 1
| #define HAVE_INTTYPES_H 1
| #define HAVE_STDINT_H 1
| #define HAVE_UNISTD_H 1
| #define HAVE_DLFCN_H 1
| #define LT_OBJDIR ".libs/"
| /* end confdefs.h.  */
| 
| #if defined _MSC_VER && _MSC_VER == 1300
| /* OK */
| #else
| # error defined _MSC_VER && _MSC_VER == 1300
| #endif
| 
| int
| main ()
| {
| 
|   ;
|   return 0;
| }
configure:15298: g++ -c -g -O2  conftest.cpp >&5
conftest.cpp:27:3: error: #error defined __GNUC__ && __GNUC__ == 4 && __GNUC_MINOR__ == 3 && !defined __ICC
configure:15298: $? = 1
configure: failed program was:
| /* confdefs.h */
| #define PACKAGE_NAME "pcb2gcode"
| #define PACKAGE_TARNAME "pcb2gcode"
| #define PACKAGE_VERSION "1.1.4"
| #define PACKAGE_STRING "pcb2gcode 1.1.4"
| #define PACKAGE_BUGREPORT "pbirnzain@users.sourceforge.net"
| #define PACKAGE_URL ""
| #define PACKAGE "pcb2gcode"
| #define VERSION "1.1.4"
| #define STDC_HEADERS 1
| #define HAVE_SYS_TYPES_H 1
| #define HAVE_SYS_STAT_H 1
| #define HAVE_STDLIB_H 1
| #define HAVE_STRING_H 1
| #define HAVE_MEMORY_H 1
| #define HAVE_STRINGS_H 1
| #define HAVE_INTTYPES_H 1
| #define HAVE_STDINT_H 1
| #define HAVE_UNISTD_H 1
| #define HAVE_DLFCN_H 1
| #define LT_OBJDIR ".libs/"
| /* end confdefs.h.  */
| 
| #if defined __GNUC__ && __GNUC__ == 4 && __GNUC_MINOR__ == 3 && !defined __ICC
| /* OK */
| #else
| # error defined __GNUC__ && __GNUC__ == 4 && __GNUC_MINOR__ == 3 && !defined __ICC
| #endif
| 
| int
| main ()
| {
| 
|   ;
|   return 0;
| }
configure:15298: g++ -c -g -O2  conftest.cpp >&5
conftest.cpp:27:3: error: #error defined __GNUC__ && __GNUC__ == 2 && __GNUC_MINOR__ == 95 && !defined __ICC
configure:15298: $? = 1
configure: failed program was:
| /* confdefs.h */
| #define PACKAGE_NAME "pcb2gcode"
| #define PACKAGE_TARNAME "pcb2gcode"
| #define PACKAGE_VERSION "1.1.4"
| #define PACKAGE_STRING "pcb2gcode 1.1.4"
| #define PACKAGE_BUGREPORT "pbirnzain@users.sourceforge.net"
| #define PACKAGE_URL ""
| #define PACKAGE "pcb2gcode"
| #define VERSION "1.1.4"
| #define STDC_HEADERS 1
| #define HAVE_SYS_TYPES_H 1
| #define HAVE_SYS_STAT_H 1
| #define HAVE_STDLIB_H 1
| #define HAVE_STRING_H 1
| #define HAVE_MEMORY_H 1
| #define HAVE_STRINGS_H 1
| #define HAVE_INTTYPES_H 1
| #define HAVE_STDINT_H 1
| #define HAVE_UNISTD_H 1
| #define HAVE_DLFCN_H 1
| #define LT_OBJDIR ".libs/"
| /* end confdefs.h.  */
| 
| #if defined __GNUC__ && __GNUC__ == 2 && __GNUC_MINOR__ == 95 && !defined __ICC
| /* OK */
| #else
| # error defined __GNUC__ && __GNUC__ == 2 && __GNUC_MINOR__ == 95 && !defined __ICC
| #endif
| 
| int
| main ()
| {
| 
|   ;
|   return 0;
| }
configure:15298: g++ -c -g -O2  conftest.cpp >&5
conftest.cpp:27:3: error: #error defined __MWERKS__ && __MWERKS__ <= 0x32FF
configure:15298: $? = 1
configure: failed program was:
| /* confdefs.h */
| #define PACKAGE_NAME "pcb2gcode"
| #define PACKAGE_TARNAME "pcb2gcode"
| #define PACKAGE_VERSION "1.1.4"
| #define PACKAGE_STRING "pcb2gcode 1.1.4"
| #define PACKAGE_BUGREPORT "pbirnzain@users.sourceforge.net"
| #define PACKAGE_URL ""
| #define PACKAGE "pcb2gcode"
| #define VERSION "1.1.4"
| #define STDC_HEADERS 1
| #define HAVE_SYS_TYPES_H 1
| #define HAVE_SYS_STAT_H 1
| #define HAVE_STDLIB_H 1
| #define HAVE_STRING_H 1
| #define HAVE_MEMORY_H 1
| #define HAVE_STRINGS_H 1
| #define HAVE_INTTYPES_H 1
| #define HAVE_STDINT_H 1
| #define HAVE_UNISTD_H 1
| #define HAVE_DLFCN_H 1
| #define LT_OBJDIR ".libs/"
| /* end confdefs.h.  */
| 
| #if defined __MWERKS__ && __MWERKS__ <= 0x32FF
| /* OK */
| #else
| # error defined __MWERKS__ && __MWERKS__ <= 0x32FF
| #endif
| 
| int
| main ()
| {
| 
|   ;
|   return 0;
| }
configure:15298: g++ -c -g -O2  conftest.cpp >&5
conftest.cpp:27:3: error: #error defined _MSC_VER && _MSC_VER < 1300 && !defined UNDER_CE
configure:15298: $? = 1
configure: failed program was:
| /* confdefs.h */
| #define PACKAGE_NAME "pcb2gcode"
| #define PACKAGE_TARNAME "pcb2gcode"
| #define PACKAGE_VERSION "1.1.4"
| #define PACKAGE_STRING "pcb2gcode 1.1.4"
| #define PACKAGE_BUGREPORT "pbirnzain@users.sourceforge.net"
| #define PACKAGE_URL ""
| #define PACKAGE "pcb2gcode"
| #define VERSION "1.1.4"
| #define STDC_HEADERS 1
| #define HAVE_SYS_TYPES_H 1
| #define HAVE_SYS_STAT_H 1
| #define HAVE_STDLIB_H 1
| #define HAVE_STRING_H 1
| #define HAVE_MEMORY_H 1
| #define HAVE_STRINGS_H 1
| #define HAVE_INTTYPES_H 1
| #define HAVE_STDINT_H 1
| #define HAVE_UNISTD_H 1
| #define HAVE_DLFCN_H 1
| #define LT_OBJDIR ".libs/"
| /* end confdefs.h.  */
| 
| #if defined _MSC_VER && _MSC_VER < 1300 && !defined UNDER_CE
| /* OK */
| #else
| # error defined _MSC_VER && _MSC_VER < 1300 && !defined UNDER_CE
| #endif
| 
| int
| main ()
| {
| 
|   ;
|   return 0;
| }
configure:15298: g++ -c -g -O2  conftest.cpp >&5
conftest.cpp:27:3: error: #error defined _MSC_VER && _MSC_VER < 1300 && defined UNDER_CE
configure:15298: $? = 1
configure: failed program was:
| /* confdefs.h */
| #define PACKAGE_NAME "pcb2gcode"
| #define PACKAGE_TARNAME "pcb2gcode"
| #define PACKAGE_VERSION "1.1.4"
| #define PACKAGE_STRING "pcb2gcode 1.1.4"
| #define PACKAGE_BUGREPORT "pbirnzain@users.sourceforge.net"
| #define PACKAGE_URL ""
| #define PACKAGE "pcb2gcode"
| #define VERSION "1.1.4"
| #define STDC_HEADERS 1
| #define HAVE_SYS_TYPES_H 1
| #define HAVE_SYS_STAT_H 1
| #define HAVE_STDLIB_H 1
| #define HAVE_STRING_H 1
| #define HAVE_MEMORY_H 1
| #define HAVE_STRINGS_H 1
| #define HAVE_INTTYPES_H 1
| #define HAVE_STDINT_H 1
| #define HAVE_UNISTD_H 1
| #define HAVE_DLFCN_H 1
| #define LT_OBJDIR ".libs/"
| /* end confdefs.h.  */
| 
| #if defined _MSC_VER && _MSC_VER < 1300 && defined UNDER_CE
| /* OK */
| #else
| # error defined _MSC_VER && _MSC_VER < 1300 && defined UNDER_CE
| #endif
| 
| int
| main ()
| {
| 
|   ;
|   return 0;
| }
configure:15298: g++ -c -g -O2  conftest.cpp >&5
conftest.cpp:27:3: error: #error defined __MWERKS__ && __MWERKS__ <= 0x31FF
configure:15298: $? = 1
configure: failed program was:
| /* confdefs.h */
| #define PACKAGE_NAME "pcb2gcode"
| #define PACKAGE_TARNAME "pcb2gcode"
| #define PACKAGE_VERSION "1.1.4"
| #define PACKAGE_STRING "pcb2gcode 1.1.4"
| #define PACKAGE_BUGREPORT "pbirnzain@users.sourceforge.net"
| #define PACKAGE_URL ""
| #define PACKAGE "pcb2gcode"
| #define VERSION "1.1.4"
| #define STDC_HEADERS 1
| #define HAVE_SYS_TYPES_H 1
| #define HAVE_SYS_STAT_H 1
| #define HAVE_STDLIB_H 1
| #define HAVE_STRING_H 1
| #define HAVE_MEMORY_H 1
| #define HAVE_STRINGS_H 1
| #define HAVE_INTTYPES_H 1
| #define HAVE_STDINT_H 1
| #define HAVE_UNISTD_H 1
| #define HAVE_DLFCN_H 1
| #define LT_OBJDIR ".libs/"
| /* end confdefs.h.  */
| 
| #if defined __MWERKS__ && __MWERKS__ <= 0x31FF
| /* OK */
| #else
| # error defined __MWERKS__ && __MWERKS__ <= 0x31FF
| #endif
| 
| int
| main ()
| {
| 
|   ;
|   return 0;
| }
configure:15310: result: unknown
configure:15321: WARNING: could not figure out which toolset name to use for g++
configure:15345: gcc -c -g -O2  conftest.c >&5
conftest.c:27:3: error: #error MT not needed
configure:15345: $? = 1
configure: failed program was:
| /* confdefs.h */
| #define PACKAGE_NAME "pcb2gcode"
| #define PACKAGE_TARNAME "pcb2gcode"
| #define PACKAGE_VERSION "1.1.4"
| #define PACKAGE_STRING "pcb2gcode 1.1.4"
| #define PACKAGE_BUGREPORT "pbirnzain@users.sourceforge.net"
| #define PACKAGE_URL ""
| #define PACKAGE "pcb2gcode"
| #define VERSION "1.1.4"
| #define STDC_HEADERS 1
| #define HAVE_SYS_TYPES_H 1
| #define HAVE_SYS_STAT_H 1
| #define HAVE_STDLIB_H 1
| #define HAVE_STRING_H 1
| #define HAVE_MEMORY_H 1
| #define HAVE_STRINGS_H 1
| #define HAVE_INTTYPES_H 1
| #define HAVE_STDINT_H 1
| #define HAVE_UNISTD_H 1
| #define HAVE_DLFCN_H 1
| #define LT_OBJDIR ".libs/"
| /* end confdefs.h.  */
| 
| #if defined _REENTRANT || defined _MT || defined __MT__
| /* use -mt */
| #else
| # error MT not needed
| #endif
| 
| int
| main ()
| {
| 
|   ;
|   return 0;
| }
configure:15365: checking boost/program_options.hpp usability
configure:15365: g++ -c -g -O2  -I/usr/include conftest.cpp >&5
configure:15365: $? = 0
configure:15365: result: yes
configure:15365: checking boost/program_options.hpp presence
configure:15365: g++ -E  -I/usr/include conftest.cpp
configure:15365: $? = 0
configure:15365: result: yes
configure:15365: checking for boost/program_options.hpp
configure:15365: result: yes
configure:15391: checking for the Boost program_options library
configure:15425: g++ -c -g -O2  -I/usr/include conftest.cpp >&5
configure:15425: $? = 0
configure:15477: re-using the existing conftest.o
configure:15483: g++ -o conftest -g -O2  -I/usr/include  -L/usr/lib conftest.o -lboost_program_options--mt-1_48  >&5
/bin/ld: cannot find -lboost_program_options--mt-1_48
collect2: error: ld returned 1 exit status
configure:15492: $? = 1
configure:15477: re-using the existing conftest.o
configure:15483: g++ -o conftest -g -O2  -I/usr/include  -L/usr/local/lib conftest.o -lboost_program_options--mt-1_48  >&5
/bin/ld: cannot find -lboost_program_options--mt-1_48
collect2: error: ld returned 1 exit status
configure:15492: $? = 1
configure:15477: re-using the existing conftest.o
configure:15483: g++ -o conftest -g -O2  -I/usr/include  -L/usr/lib conftest.o -lboost_program_options--mt-1_48  >&5
/bin/ld: cannot find -lboost_program_options--mt-1_48
collect2: error: ld returned 1 exit status
configure:15492: $? = 1
configure:15477: re-using the existing conftest.o
configure:15483: g++ -o conftest -g -O2  -I/usr/include  -L/lib conftest.o -lboost_program_options--mt-1_48  >&5
/bin/ld: cannot find -lboost_program_options--mt-1_48
collect2: error: ld returned 1 exit status
configure:15492: $? = 1
configure:15477: re-using the existing conftest.o
configure:15483: g++ -o conftest -g -O2  -I/usr/include  -L/usr/lib64 conftest.o -lboost_program_options--mt-1_48  >&5
/bin/ld: cannot find -lboost_program_options--mt-1_48
collect2: error: ld returned 1 exit status
configure:15492: $? = 1
configure:15477: re-using the existing conftest.o
configure:15483: g++ -o conftest -g -O2  -I/usr/include  -L/lib64 conftest.o -lboost_program_options--mt-1_48  >&5
/bin/ld: cannot find -lboost_program_options--mt-1_48
collect2: error: ld returned 1 exit status
configure:15492: $? = 1
configure:15477: re-using the existing conftest.o
configure:15483: g++ -o conftest -g -O2  -I/usr/include  -L/usr/lib conftest.o -lboost_program_options--1_48  >&5
/bin/ld: cannot find -lboost_program_options--1_48
collect2: error: ld returned 1 exit status
configure:15492: $? = 1
configure:15477: re-using the existing conftest.o
configure:15483: g++ -o conftest -g -O2  -I/usr/include  -L/usr/local/lib conftest.o -lboost_program_options--1_48  >&5
/bin/ld: cannot find -lboost_program_options--1_48
collect2: error: ld returned 1 exit status
configure:15492: $? = 1
configure:15477: re-using the existing conftest.o
configure:15483: g++ -o conftest -g -O2  -I/usr/include  -L/usr/lib conftest.o -lboost_program_options--1_48  >&5
/bin/ld: cannot find -lboost_program_options--1_48
collect2: error: ld returned 1 exit status
configure:15492: $? = 1
configure:15477: re-using the existing conftest.o
configure:15483: g++ -o conftest -g -O2  -I/usr/include  -L/lib conftest.o -lboost_program_options--1_48  >&5
/bin/ld: cannot find -lboost_program_options--1_48
collect2: error: ld returned 1 exit status
configure:15492: $? = 1
configure:15477: re-using the existing conftest.o
configure:15483: g++ -o conftest -g -O2  -I/usr/include  -L/usr/lib64 conftest.o -lboost_program_options--1_48  >&5
/bin/ld: cannot find -lboost_program_options--1_48
collect2: error: ld returned 1 exit status
configure:15492: $? = 1
configure:15477: re-using the existing conftest.o
configure:15483: g++ -o conftest -g -O2  -I/usr/include  -L/lib64 conftest.o -lboost_program_options--1_48  >&5
/bin/ld: cannot find -lboost_program_options--1_48
collect2: error: ld returned 1 exit status
configure:15492: $? = 1
configure:15477: re-using the existing conftest.o
configure:15483: g++ -o conftest -g -O2  -I/usr/include  -L/usr/lib conftest.o -lboost_program_options--mt  >&5
/bin/ld: cannot find -lboost_program_options--mt
collect2: error: ld returned 1 exit status
configure:15492: $? = 1
configure:15477: re-using the existing conftest.o
configure:15483: g++ -o conftest -g -O2  -I/usr/include  -L/usr/local/lib conftest.o -lboost_program_options--mt  >&5
/bin/ld: cannot find -lboost_program_options--mt
collect2: error: ld returned 1 exit status
configure:15492: $? = 1
configure:15477: re-using the existing conftest.o
configure:15483: g++ -o conftest -g -O2  -I/usr/include  -L/usr/lib conftest.o -lboost_program_options--mt  >&5
/bin/ld: cannot find -lboost_program_options--mt
collect2: error: ld returned 1 exit status
configure:15492: $? = 1
configure:15477: re-using the existing conftest.o
configure:15483: g++ -o conftest -g -O2  -I/usr/include  -L/lib conftest.o -lboost_program_options--mt  >&5
/bin/ld: cannot find -lboost_program_options--mt
collect2: error: ld returned 1 exit status
configure:15492: $? = 1
configure:15477: re-using the existing conftest.o
configure:15483: g++ -o conftest -g -O2  -I/usr/include  -L/usr/lib64 conftest.o -lboost_program_options--mt  >&5
/bin/ld: cannot find -lboost_program_options--mt
collect2: error: ld returned 1 exit status
configure:15492: $? = 1
configure:15477: re-using the existing conftest.o
configure:15483: g++ -o conftest -g -O2  -I/usr/include  -L/lib64 conftest.o -lboost_program_options--mt  >&5
/bin/ld: cannot find -lboost_program_options--mt
collect2: error: ld returned 1 exit status
configure:15492: $? = 1
configure:15477: re-using the existing conftest.o
configure:15483: g++ -o conftest -g -O2  -I/usr/include  -L/usr/lib conftest.o -lboost_program_options--mt-d-1_48  >&5
/bin/ld: cannot find -lboost_program_options--mt-d-1_48
collect2: error: ld returned 1 exit status
configure:15492: $? = 1
configure:15477: re-using the existing conftest.o
configure:15483: g++ -o conftest -g -O2  -I/usr/include  -L/usr/local/lib conftest.o -lboost_program_options--mt-d-1_48  >&5
/bin/ld: cannot find -lboost_program_options--mt-d-1_48
collect2: error: ld returned 1 exit status
configure:15492: $? = 1
configure:15477: re-using the existing conftest.o
configure:15483: g++ -o conftest -g -O2  -I/usr/include  -L/usr/lib conftest.o -lboost_program_options--mt-d-1_48  >&5
/bin/ld: cannot find -lboost_program_options--mt-d-1_48
collect2: error: ld returned 1 exit status
configure:15492: $? = 1
configure:15477: re-using the existing conftest.o
configure:15483: g++ -o conftest -g -O2  -I/usr/include  -L/lib conftest.o -lboost_program_options--mt-d-1_48  >&5
/bin/ld: cannot find -lboost_program_options--mt-d-1_48
collect2: error: ld returned 1 exit status
configure:15492: $? = 1
configure:15477: re-using the existing conftest.o
configure:15483: g++ -o conftest -g -O2  -I/usr/include  -L/usr/lib64 conftest.o -lboost_program_options--mt-d-1_48  >&5
/bin/ld: cannot find -lboost_program_options--mt-d-1_48
collect2: error: ld returned 1 exit status
configure:15492: $? = 1
configure:15477: re-using the existing conftest.o
configure:15483: g++ -o conftest -g -O2  -I/usr/include  -L/lib64 conftest.o -lboost_program_options--mt-d-1_48  >&5
/bin/ld: cannot find -lboost_program_options--mt-d-1_48
collect2: error: ld returned 1 exit status
configure:15492: $? = 1
configure:15477: re-using the existing conftest.o
configure:15483: g++ -o conftest -g -O2  -I/usr/include  -L/usr/lib conftest.o -lboost_program_options--d-1_48  >&5
/bin/ld: cannot find -lboost_program_options--d-1_48
collect2: error: ld returned 1 exit status
configure:15492: $? = 1
configure:15477: re-using the existing conftest.o
configure:15483: g++ -o conftest -g -O2  -I/usr/include  -L/usr/local/lib conftest.o -lboost_program_options--d-1_48  >&5
/bin/ld: cannot find -lboost_program_options--d-1_48
collect2: error: ld returned 1 exit status
configure:15492: $? = 1
configure:15477: re-using the existing conftest.o
configure:15483: g++ -o conftest -g -O2  -I/usr/include  -L/usr/lib conftest.o -lboost_program_options--d-1_48  >&5
/bin/ld: cannot find -lboost_program_options--d-1_48
collect2: error: ld returned 1 exit status
configure:15492: $? = 1
configure:15477: re-using the existing conftest.o
configure:15483: g++ -o conftest -g -O2  -I/usr/include  -L/lib conftest.o -lboost_program_options--d-1_48  >&5
/bin/ld: cannot find -lboost_program_options--d-1_48
collect2: error: ld returned 1 exit status
configure:15492: $? = 1
configure:15477: re-using the existing conftest.o
configure:15483: g++ -o conftest -g -O2  -I/usr/include  -L/usr/lib64 conftest.o -lboost_program_options--d-1_48  >&5
/bin/ld: cannot find -lboost_program_options--d-1_48
collect2: error: ld returned 1 exit status
configure:15492: $? = 1
configure:15477: re-using the existing conftest.o
configure:15483: g++ -o conftest -g -O2  -I/usr/include  -L/lib64 conftest.o -lboost_program_options--d-1_48  >&5
/bin/ld: cannot find -lboost_program_options--d-1_48
collect2: error: ld returned 1 exit status
configure:15492: $? = 1
configure:15477: re-using the existing conftest.o
configure:15483: g++ -o conftest -g -O2  -I/usr/include  -L/usr/lib conftest.o -lboost_program_options-  >&5
/bin/ld: cannot find -lboost_program_options-
collect2: error: ld returned 1 exit status
configure:15492: $? = 1
configure:15477: re-using the existing conftest.o
configure:15483: g++ -o conftest -g -O2  -I/usr/include  -L/usr/local/lib conftest.o -lboost_program_options-  >&5
/bin/ld: cannot find -lboost_program_options-
collect2: error: ld returned 1 exit status
configure:15492: $? = 1
configure:15477: re-using the existing conftest.o
configure:15483: g++ -o conftest -g -O2  -I/usr/include  -L/usr/lib conftest.o -lboost_program_options-  >&5
/bin/ld: cannot find -lboost_program_options-
collect2: error: ld returned 1 exit status
configure:15492: $? = 1
configure:15477: re-using the existing conftest.o
configure:15483: g++ -o conftest -g -O2  -I/usr/include  -L/lib conftest.o -lboost_program_options-  >&5
/bin/ld: cannot find -lboost_program_options-
collect2: error: ld returned 1 exit status
configure:15492: $? = 1
configure:15477: re-using the existing conftest.o
configure:15483: g++ -o conftest -g -O2  -I/usr/include  -L/usr/lib64 conftest.o -lboost_program_options-  >&5
/bin/ld: cannot find -lboost_program_options-
collect2: error: ld returned 1 exit status
configure:15492: $? = 1
configure:15477: re-using the existing conftest.o
configure:15483: g++ -o conftest -g -O2  -I/usr/include  -L/lib64 conftest.o -lboost_program_options-  >&5
/bin/ld: cannot find -lboost_program_options-
collect2: error: ld returned 1 exit status
configure:15492: $? = 1
configure:15477: re-using the existing conftest.o
configure:15483: g++ -o conftest -g -O2  -I/usr/include  -L/usr/lib conftest.o -lboost_program_options--mt-d  >&5
/bin/ld: cannot find -lboost_program_options--mt-d
collect2: error: ld returned 1 exit status
configure:15492: $? = 1
configure:15477: re-using the existing conftest.o
configure:15483: g++ -o conftest -g -O2  -I/usr/include  -L/usr/local/lib conftest.o -lboost_program_options--mt-d  >&5
/bin/ld: cannot find -lboost_program_options--mt-d
collect2: error: ld returned 1 exit status
configure:15492: $? = 1
configure:15477: re-using the existing conftest.o
configure:15483: g++ -o conftest -g -O2  -I/usr/include  -L/usr/lib conftest.o -lboost_program_options--mt-d  >&5
/bin/ld: cannot find -lboost_program_options--mt-d
collect2: error: ld returned 1 exit status
configure:15492: $? = 1
configure:15477: re-using the existing conftest.o
configure:15483: g++ -o conftest -g -O2  -I/usr/include  -L/lib conftest.o -lboost_program_options--mt-d  >&5
/bin/ld: cannot find -lboost_program_options--mt-d
collect2: error: ld returned 1 exit status
configure:15492: $? = 1
configure:15477: re-using the existing conftest.o
configure:15483: g++ -o conftest -g -O2  -I/usr/include  -L/usr/lib64 conftest.o -lboost_program_options--mt-d  >&5
/bin/ld: cannot find -lboost_program_options--mt-d
collect2: error: ld returned 1 exit status
configure:15492: $? = 1
configure:15477: re-using the existing conftest.o
configure:15483: g++ -o conftest -g -O2  -I/usr/include  -L/lib64 conftest.o -lboost_program_options--mt-d  >&5
/bin/ld: cannot find -lboost_program_options--mt-d
collect2: error: ld returned 1 exit status
configure:15492: $? = 1
configure:15477: re-using the existing conftest.o
configure:15483: g++ -o conftest -g -O2  -I/usr/include  -L/usr/lib conftest.o -lboost_program_options--d  >&5
/bin/ld: cannot find -lboost_program_options--d
collect2: error: ld returned 1 exit status
configure:15492: $? = 1
configure:15477: re-using the existing conftest.o
configure:15483: g++ -o conftest -g -O2  -I/usr/include  -L/usr/local/lib conftest.o -lboost_program_options--d  >&5
/bin/ld: cannot find -lboost_program_options--d
collect2: error: ld returned 1 exit status
configure:15492: $? = 1
configure:15477: re-using the existing conftest.o
configure:15483: g++ -o conftest -g -O2  -I/usr/include  -L/usr/lib conftest.o -lboost_program_options--d  >&5
/bin/ld: cannot find -lboost_program_options--d
collect2: error: ld returned 1 exit status
configure:15492: $? = 1
configure:15477: re-using the existing conftest.o
configure:15483: g++ -o conftest -g -O2  -I/usr/include  -L/lib conftest.o -lboost_program_options--d  >&5
/bin/ld: cannot find -lboost_program_options--d
collect2: error: ld returned 1 exit status
configure:15492: $? = 1
configure:15477: re-using the existing conftest.o
configure:15483: g++ -o conftest -g -O2  -I/usr/include  -L/usr/lib64 conftest.o -lboost_program_options--d  >&5
/bin/ld: cannot find -lboost_program_options--d
collect2: error: ld returned 1 exit status
configure:15492: $? = 1
configure:15477: re-using the existing conftest.o
configure:15483: g++ -o conftest -g -O2  -I/usr/include  -L/lib64 conftest.o -lboost_program_options--d  >&5
/bin/ld: cannot find -lboost_program_options--d
collect2: error: ld returned 1 exit status
configure:15492: $? = 1
configure:15477: re-using the existing conftest.o
configure:15483: g++ -o conftest -g -O2  -I/usr/include  -L/usr/lib conftest.o -lboost_program_options-mt-1_48  >&5
/bin/ld: cannot find -lboost_program_options-mt-1_48
collect2: error: ld returned 1 exit status
configure:15492: $? = 1
configure:15477: re-using the existing conftest.o
configure:15483: g++ -o conftest -g -O2  -I/usr/include  -L/usr/local/lib conftest.o -lboost_program_options-mt-1_48  >&5
/bin/ld: cannot find -lboost_program_options-mt-1_48
collect2: error: ld returned 1 exit status
configure:15492: $? = 1
configure:15477: re-using the existing conftest.o
configure:15483: g++ -o conftest -g -O2  -I/usr/include  -L/usr/lib conftest.o -lboost_program_options-mt-1_48  >&5
/bin/ld: cannot find -lboost_program_options-mt-1_48
collect2: error: ld returned 1 exit status
configure:15492: $? = 1
configure:15477: re-using the existing conftest.o
configure:15483: g++ -o conftest -g -O2  -I/usr/include  -L/lib conftest.o -lboost_program_options-mt-1_48  >&5
/bin/ld: cannot find -lboost_program_options-mt-1_48
collect2: error: ld returned 1 exit status
configure:15492: $? = 1
configure:15477: re-using the existing conftest.o
configure:15483: g++ -o conftest -g -O2  -I/usr/include  -L/usr/lib64 conftest.o -lboost_program_options-mt-1_48  >&5
/bin/ld: cannot find -lboost_program_options-mt-1_48
collect2: error: ld returned 1 exit status
configure:15492: $? = 1
configure:15477: re-using the existing conftest.o
configure:15483: g++ -o conftest -g -O2  -I/usr/include  -L/lib64 conftest.o -lboost_program_options-mt-1_48  >&5
/bin/ld: cannot find -lboost_program_options-mt-1_48
collect2: error: ld returned 1 exit status
configure:15492: $? = 1
configure:15477: re-using the existing conftest.o
configure:15483: g++ -o conftest -g -O2  -I/usr/include  -L/usr/lib conftest.o -lboost_program_options-1_48  >&5
/bin/ld: cannot find -lboost_program_options-1_48
collect2: error: ld returned 1 exit status
configure:15492: $? = 1
configure:15477: re-using the existing conftest.o
configure:15483: g++ -o conftest -g -O2  -I/usr/include  -L/usr/local/lib conftest.o -lboost_program_options-1_48  >&5
/bin/ld: cannot find -lboost_program_options-1_48
collect2: error: ld returned 1 exit status
configure:15492: $? = 1
configure:15477: re-using the existing conftest.o
configure:15483: g++ -o conftest -g -O2  -I/usr/include  -L/usr/lib conftest.o -lboost_program_options-1_48  >&5
/bin/ld: cannot find -lboost_program_options-1_48
collect2: error: ld returned 1 exit status
configure:15492: $? = 1
configure:15477: re-using the existing conftest.o
configure:15483: g++ -o conftest -g -O2  -I/usr/include  -L/lib conftest.o -lboost_program_options-1_48  >&5
/bin/ld: cannot find -lboost_program_options-1_48
collect2: error: ld returned 1 exit status
configure:15492: $? = 1
configure:15477: re-using the existing conftest.o
configure:15483: g++ -o conftest -g -O2  -I/usr/include  -L/usr/lib64 conftest.o -lboost_program_options-1_48  >&5
/bin/ld: cannot find -lboost_program_options-1_48
collect2: error: ld returned 1 exit status
configure:15492: $? = 1
configure:15477: re-using the existing conftest.o
configure:15483: g++ -o conftest -g -O2  -I/usr/include  -L/lib64 conftest.o -lboost_program_options-1_48  >&5
/bin/ld: cannot find -lboost_program_options-1_48
collect2: error: ld returned 1 exit status
configure:15492: $? = 1
configure:15477: re-using the existing conftest.o
configure:15483: g++ -o conftest -g -O2  -I/usr/include  -L/usr/lib conftest.o -lboost_program_options-mt  >&5
configure:15492: $? = 0
configure:15529: result: yes
configure:15554: checking boost/scoped_ptr.hpp usability
configure:15554: g++ -c -g -O2  -I/usr/include conftest.cpp >&5
configure:15554: $? = 0
configure:15554: result: yes
configure:15554: checking boost/scoped_ptr.hpp presence
configure:15554: g++ -E  -I/usr/include conftest.cpp
configure:15554: $? = 0
configure:15554: result: yes
configure:15554: checking for boost/scoped_ptr.hpp
configure:15554: result: yes
configure:15578: checking boost/shared_ptr.hpp usability
configure:15578: g++ -c -g -O2  -I/usr/include conftest.cpp >&5
configure:15578: $? = 0
configure:15578: result: yes
configure:15578: checking boost/shared_ptr.hpp presence
configure:15578: g++ -E  -I/usr/include conftest.cpp
configure:15578: $? = 0
configure:15578: result: yes
configure:15578: checking for boost/shared_ptr.hpp
configure:15578: result: yes
configure:15603: checking boost/foreach.hpp usability
configure:15603: g++ -c -g -O2  -I/usr/include conftest.cpp >&5
configure:15603: $? = 0
configure:15603: result: yes
configure:15603: checking boost/foreach.hpp presence
configure:15603: g++ -E  -I/usr/include conftest.cpp
configure:15603: $? = 0
configure:15603: result: yes
configure:15603: checking for boost/foreach.hpp
configure:15603: result: yes
configure:15627: checking boost/tuple/tuple.hpp usability
configure:15627: g++ -c -g -O2  -I/usr/include conftest.cpp >&5
configure:15627: $? = 0
configure:15627: result: yes
configure:15627: checking boost/tuple/tuple.hpp presence
configure:15627: g++ -E  -I/usr/include conftest.cpp
configure:15627: $? = 0
configure:15627: result: yes
configure:15627: checking for boost/tuple/tuple.hpp
configure:15627: result: yes
configure:15699: checking for pkg-config
configure:15717: found /bin/pkg-config
configure:15729: result: /bin/pkg-config
configure:15754: checking pkg-config is at least version 0.9.0
configure:15757: result: yes
configure:15767: checking for glibmm
configure:15774: $PKG_CONFIG --exists --print-errors "glibmm-2.4 >= 2.8"
configure:15777: $? = 0
configure:15791: $PKG_CONFIG --exists --print-errors "glibmm-2.4 >= 2.8"
configure:15794: $? = 0
configure:15852: result: yes
configure:15858: checking for gdkmm
configure:15865: $PKG_CONFIG --exists --print-errors "gdkmm-2.4 >= 2.8"
configure:15868: $? = 0
configure:15882: $PKG_CONFIG --exists --print-errors "gdkmm-2.4 >= 2.8"
configure:15885: $? = 0
configure:15943: result: yes
configure:15950: checking for gerbv
configure:15957: $PKG_CONFIG --exists --print-errors "libgerbv >= 2.1.0"
configure:15960: $? = 0
configure:15974: $PKG_CONFIG --exists --print-errors "libgerbv >= 2.1.0"
configure:15977: $? = 0
configure:16035: result: yes
configure:16045: checking for ANSI C header files
configure:16149: result: yes
configure:16159: checking for stdbool.h that conforms to C99
configure:16226: gcc -c -g -O2  conftest.c >&5
configure:16226: $? = 0
configure:16233: result: yes
configure:16235: checking for _Bool
configure:16235: gcc -c -g -O2  conftest.c >&5
configure:16235: $? = 0
configure:16235: gcc -c -g -O2  conftest.c >&5
conftest.c: In function 'main':
conftest.c:65:20: error: expected expression before ')' token
configure:16235: $? = 1
configure: failed program was:
| /* confdefs.h */
| #define PACKAGE_NAME "pcb2gcode"
| #define PACKAGE_TARNAME "pcb2gcode"
| #define PACKAGE_VERSION "1.1.4"
| #define PACKAGE_STRING "pcb2gcode 1.1.4"
| #define PACKAGE_BUGREPORT "pbirnzain@users.sourceforge.net"
| #define PACKAGE_URL ""
| #define PACKAGE "pcb2gcode"
| #define VERSION "1.1.4"
| #define STDC_HEADERS 1
| #define HAVE_SYS_TYPES_H 1
| #define HAVE_SYS_STAT_H 1
| #define HAVE_STDLIB_H 1
| #define HAVE_STRING_H 1
| #define HAVE_MEMORY_H 1
| #define HAVE_STRINGS_H 1
| #define HAVE_INTTYPES_H 1
| #define HAVE_STDINT_H 1
| #define HAVE_UNISTD_H 1
| #define HAVE_DLFCN_H 1
| #define LT_OBJDIR ".libs/"
| #define HAVE_BOOST_PROGRAM_OPTIONS_HPP 1
| #define HAVE_BOOST_SCOPED_PTR_HPP 1
| #define HAVE_BOOST_SHARED_PTR_HPP 1
| #define HAVE_BOOST_FOREACH_HPP 1
| #define HAVE_BOOST_TUPLE_TUPLE_HPP 1
| #define STDC_HEADERS 1
| /* end confdefs.h.  */
| #include <stdio.h>
| #ifdef HAVE_SYS_TYPES_H
| # include <sys/types.h>
| #endif
| #ifdef HAVE_SYS_STAT_H
| # include <sys/stat.h>
| #endif
| #ifdef STDC_HEADERS
| # include <stdlib.h>
| # include <stddef.h>
| #else
| # ifdef HAVE_STDLIB_H
| #  include <stdlib.h>
| # endif
| #endif
| #ifdef HAVE_STRING_H
| # if !defined STDC_HEADERS && defined HAVE_MEMORY_H
| #  include <memory.h>
| # endif
| # include <string.h>
| #endif
| #ifdef HAVE_STRINGS_H
| # include <strings.h>
| #endif
| #ifdef HAVE_INTTYPES_H
| # include <inttypes.h>
| #endif
| #ifdef HAVE_STDINT_H
| # include <stdint.h>
| #endif
| #ifdef HAVE_UNISTD_H
| # include <unistd.h>
| #endif
| int
| main ()
| {
| if (sizeof ((_Bool)))
| 	    return 0;
|   ;
|   return 0;
| }
configure:16235: result: yes
configure:16252: checking for inline
configure:16268: gcc -c -g -O2  conftest.c >&5
configure:16268: $? = 0
configure:16276: result: inline
configure:16410: checking that generated files are newer than configure
configure:16416: result: done
configure:16443: creating ./config.status

## ---------------------- ##
## Running config.status. ##
## ---------------------- ##

This file was extended by pcb2gcode config.status 1.1.4, which was
generated by GNU Autoconf 2.69.  Invocation command line was

  CONFIG_FILES    = 
  CONFIG_HEADERS  = 
  CONFIG_LINKS    = 
  CONFIG_COMMANDS = 
  $ ./config.status 

on bling

config.status:1170: creating Makefile
config.status:1170: creating man/Makefile
config.status:1170: creating config.h
config.status:1351: config.h is unchanged
config.status:1399: executing depfiles commands
config.status:1399: executing libtool commands

## ---------------- ##
## Cache variables. ##
## ---------------- ##

ac_cv_build=x86_64-unknown-linux-gnu
ac_cv_c_compiler_gnu=yes
ac_cv_c_inline=inline
ac_cv_cxx_compiler_gnu=yes
ac_cv_env_CCC_set=
ac_cv_env_CCC_value=
ac_cv_env_CC_set=
ac_cv_env_CC_value=
ac_cv_env_CFLAGS_set=
ac_cv_env_CFLAGS_value=
ac_cv_env_CPPFLAGS_set=
ac_cv_env_CPPFLAGS_value=
ac_cv_env_CPP_set=
ac_cv_env_CPP_value=
ac_cv_env_CXXCPP_set=
ac_cv_env_CXXCPP_value=
ac_cv_env_CXXFLAGS_set=
ac_cv_env_CXXFLAGS_value=
ac_cv_env_CXX_set=
ac_cv_env_CXX_value=
ac_cv_env_LDFLAGS_set=
ac_cv_env_LDFLAGS_value=
ac_cv_env_LIBS_set=
ac_cv_env_LIBS_value=
ac_cv_env_PKG_CONFIG_LIBDIR_set=
ac_cv_env_PKG_CONFIG_LIBDIR_value=
ac_cv_env_PKG_CONFIG_PATH_set=
ac_cv_env_PKG_CONFIG_PATH_value=
ac_cv_env_PKG_CONFIG_set=
ac_cv_env_PKG_CONFIG_value=
ac_cv_env_build_alias_set=
ac_cv_env_build_alias_value=
ac_cv_env_gdkmm_CFLAGS_set=
ac_cv_env_gdkmm_CFLAGS_value=
ac_cv_env_gdkmm_LIBS_set=
ac_cv_env_gdkmm_LIBS_value=
ac_cv_env_gerbv_CFLAGS_set=
ac_cv_env_gerbv_CFLAGS_value=
ac_cv_env_gerbv_LIBS_set=
ac_cv_env_gerbv_LIBS_value=
ac_cv_env_glibmm_CFLAGS_set=
ac_cv_env_glibmm_CFLAGS_value=
ac_cv_env_glibmm_LIBS_set=
ac_cv_env_glibmm_LIBS_value=
ac_cv_env_host_alias_set=
ac_cv_env_host_alias_value=
ac_cv_env_target_alias_set=
ac_cv_env_target_alias_value=
ac_cv_header_boost_foreach_hpp=yes
ac_cv_header_boost_program_options_hpp=yes
ac_cv_header_boost_scoped_ptr_hpp=yes
ac_cv_header_boost_shared_ptr_hpp=yes
ac_cv_header_boost_tuple_tuple_hpp=yes
ac_cv_header_dlfcn_h=yes
ac_cv_header_inttypes_h=yes
ac_cv_header_memory_h=yes
ac_cv_header_stdbool_h=yes
ac_cv_header_stdc=yes
ac_cv_header_stdint_h=yes
ac_cv_header_stdlib_h=yes
ac_cv_header_string_h=yes
ac_cv_header_strings_h=yes
ac_cv_header_sys_stat_h=yes
ac_cv_header_sys_types_h=yes
ac_cv_header_unistd_h=yes
ac_cv_host=x86_64-unknown-linux-gnu
ac_cv_objext=o
ac_cv_path_EGREP='/bin/grep -E'
ac_cv_path_FGREP='/bin/grep -F'
ac_cv_path_GREP=/bin/grep
ac_cv_path_SED=/bin/sed
ac_cv_path_ac_pt_PKG_CONFIG=/bin/pkg-config
ac_cv_path_install='/bin/install -c'
ac_cv_path_mkdir=/bin/mkdir
ac_cv_prog_AWK=gawk
ac_cv_prog_CPP='gcc -E'
ac_cv_prog_CXXCPP='g++ -E'
ac_cv_prog_ac_ct_AR=ar
ac_cv_prog_ac_ct_CC=gcc
ac_cv_prog_ac_ct_CXX=g++
ac_cv_prog_ac_ct_OBJDUMP=objdump
ac_cv_prog_ac_ct_RANLIB=ranlib
ac_cv_prog_ac_ct_STRIP=strip
ac_cv_prog_cc_c89=
ac_cv_prog_cc_g=yes
ac_cv_prog_cxx_g=yes
ac_cv_prog_make_make_set=yes
ac_cv_type__Bool=yes
am_cv_CC_dependencies_compiler_type=gcc3
am_cv_CXX_dependencies_compiler_type=gcc3
boost_cv_inc_path=/usr/include
boost_cv_lib_program_options=yes
boost_cv_lib_program_options_LDFLAGS='-L/usr/lib -R/usr/lib'
boost_cv_lib_program_options_LIBS=-lboost_program_options-mt
boost_cv_lib_tag=
boost_cv_lib_version=1_48
lt_cv_ar_at_file=@
lt_cv_archive_cmds_need_lc=no
lt_cv_deplibs_check_method=pass_all
lt_cv_file_magic_cmd='$MAGIC_CMD'
lt_cv_file_magic_test_file=
lt_cv_ld_reload_flag=-r
lt_cv_nm_interface='BSD nm'
lt_cv_objdir=.libs
lt_cv_path_LD=/bin/ld
lt_cv_path_LDCXX='/bin/ld -m elf_x86_64'
lt_cv_path_NM='/bin/nm -B'
lt_cv_path_mainfest_tool=no
lt_cv_prog_compiler_c_o=yes
lt_cv_prog_compiler_c_o_CXX=yes
lt_cv_prog_compiler_pic='-fPIC -DPIC'
lt_cv_prog_compiler_pic_CXX='-fPIC -DPIC'
lt_cv_prog_compiler_pic_works=yes
lt_cv_prog_compiler_pic_works_CXX=yes
lt_cv_prog_compiler_rtti_exceptions=no
lt_cv_prog_compiler_static_works=no
lt_cv_prog_compiler_static_works_CXX=no
lt_cv_prog_gnu_ld=yes
lt_cv_prog_gnu_ldcxx=yes
lt_cv_sharedlib_from_linklib_cmd='printf %s\n'
lt_cv_shlibpath_overrides_runpath=no
lt_cv_sys_global_symbol_pipe='sed -n -e '\''s/^.*[	 ]\([ABCDGIRSTW][ABCDGIRSTW]*\)[	 ][	 ]*\([_A-Za-z][_A-Za-z0-9]*\)$/\1 \2 \2/p'\'' | sed '\''/ __gnu_lto/d'\'''
lt_cv_sys_global_symbol_to_c_name_address='sed -n -e '\''s/^: \([^ ]*\)[ ]*$/  {\"\1\", (void *) 0},/p'\'' -e '\''s/^[ABCDGIRSTW]* \([^ ]*\) \([^ ]*\)$/  {"\2", (void *) \&\2},/p'\'''
lt_cv_sys_global_symbol_to_c_name_address_lib_prefix='sed -n -e '\''s/^: \([^ ]*\)[ ]*$/  {\"\1\", (void *) 0},/p'\'' -e '\''s/^[ABCDGIRSTW]* \([^ ]*\) \(lib[^ ]*\)$/  {"\2", (void *) \&\2},/p'\'' -e '\''s/^[ABCDGIRSTW]* \([^ ]*\) \([^ ]*\)$/  {"lib\2", (void *) \&\2},/p'\'''
lt_cv_sys_global_symbol_to_cdecl='sed -n -e '\''s/^T .* \(.*\)$/extern int \1();/p'\'' -e '\''s/^[ABCDGIRSTW]* .* \(.*\)$/extern char \1;/p'\'''
lt_cv_sys_max_cmd_len=1572864
lt_cv_to_host_file_cmd=func_convert_file_noop
lt_cv_to_tool_file_cmd=func_convert_file_noop
pkg_cv_gdkmm_CFLAGS='-pthread -I/usr/include/gdkmm-2.4 -I/usr/lib64/gdkmm-2.4/include -I/usr/include/giomm-2.4 -I/usr/lib64/giomm-2.4/include -I/usr/include/pangomm-1.4 -I/usr/lib64/pangomm-1.4/include -I/usr/include/gtk-2.0 -I/usr/include/glibmm-2.4 -I/usr/lib64/glibmm-2.4/include -I/usr/include/glib-2.0 -I/usr/lib64/glib-2.0/include -I/usr/include/sigc++-2.0 -I/usr/lib64/sigc++-2.0/include -I/usr/include/cairomm-1.0 -I/usr/lib64/cairomm-1.0/include -I/usr/include/pango-1.0 -I/usr/include/cairo -I/usr/include/pixman-1 -I/usr/include/freetype2 -I/usr/include/libpng15 -I/usr/lib64/gtk-2.0/include -I/usr/include/atk-1.0 -I/usr/include/gdk-pixbuf-2.0  '
pkg_cv_gdkmm_LIBS='-lgdkmm-2.4 -lgiomm-2.4 -lpangomm-1.4 -lgtk-x11-2.0 -lglibmm-2.4 -lcairomm-1.0 -lsigc-2.0 -lgdk-x11-2.0 -latk-1.0 -lgio-2.0 -lpangoft2-1.0 -lpangocairo-1.0 -lgdk_pixbuf-2.0 -lcairo -lpango-1.0 -lfreetype -lfontconfig -lgobject-2.0 -lglib-2.0  '
pkg_cv_gerbv_CFLAGS='-pthread -I/usr/include/gerbv-2.6.0 -I/usr/include/glib-2.0 -I/usr/lib64/glib-2.0/include -I/usr/include/gtk-2.0 -I/usr/lib64/gtk-2.0/include -I/usr/include/atk-1.0 -I/usr/include/cairo -I/usr/include/gdk-pixbuf-2.0 -I/usr/include/pango-1.0 -I/usr/include/pixman-1 -I/usr/include/freetype2 -I/usr/include/libpng15  '
pkg_cv_gerbv_LIBS='-lgerbv -lgtk-x11-2.0 -lgdk-x11-2.0 -latk-1.0 -lgio-2.0 -lpangoft2-1.0 -lpangocairo-1.0 -lgdk_pixbuf-2.0 -lcairo -lpango-1.0 -lfreetype -lfontconfig -lgobject-2.0 -lglib-2.0  '
pkg_cv_glibmm_CFLAGS='-I/usr/include/glibmm-2.4 -I/usr/lib64/glibmm-2.4/include -I/usr/include/sigc++-2.0 -I/usr/lib64/sigc++-2.0/include -I/usr/include/glib-2.0 -I/usr/lib64/glib-2.0/include  '
pkg_cv_glibmm_LIBS='-lglibmm-2.4 -lgobject-2.0 -lsigc-2.0 -lglib-2.0  '

## ----------------- ##
## Output variables. ##
## ----------------- ##

ACLOCAL='${SHELL} /home/paul/geda-pcb/pcb2gcode-1.1.4/m4/missing --run aclocal-1.12'
AMDEPBACKSLASH='\'
AMDEP_FALSE='#'
AMDEP_TRUE=''
AMTAR='$${TAR-tar}'
AR='ar'
AUTOCONF='${SHELL} /home/paul/geda-pcb/pcb2gcode-1.1.4/m4/missing --run autoconf'
AUTOHEADER='${SHELL} /home/paul/geda-pcb/pcb2gcode-1.1.4/m4/missing --run autoheader'
AUTOMAKE='${SHELL} /home/paul/geda-pcb/pcb2gcode-1.1.4/m4/missing --run automake-1.12'
AWK='gawk'
BOOST_CPPFLAGS='-I/usr/include'
BOOST_PROGRAM_OPTIONS_LDFLAGS='-L/usr/lib -R/usr/lib'
BOOST_PROGRAM_OPTIONS_LIBS='-lboost_program_options-mt'
CC='gcc'
CCDEPMODE='depmode=gcc3'
CFLAGS='-g -O2'
CPP='gcc -E'
CPPFLAGS=''
CXX='g++'
CXXCPP='g++ -E'
CXXDEPMODE='depmode=gcc3'
CXXFLAGS='-g -O2'
CYGPATH_W='echo'
DEFS='-DHAVE_CONFIG_H'
DEPDIR='.deps'
DISTCHECK_CONFIGURE_FLAGS=' '\''--with-boost='\'''
DLLTOOL='false'
DSYMUTIL=''
DUMPBIN=''
ECHO_C=''
ECHO_N='-n'
ECHO_T=''
EGREP='/bin/grep -E'
EXEEXT=''
FGREP='/bin/grep -F'
GREP='/bin/grep'
INSTALL_DATA='${INSTALL} -m 644'
INSTALL_PROGRAM='${INSTALL}'
INSTALL_SCRIPT='${INSTALL}'
INSTALL_STRIP_PROGRAM='$(install_sh) -c -s'
LD='/bin/ld -m elf_x86_64'
LDFLAGS=''
LIBOBJS=''
LIBS=''
LIBTOOL='$(SHELL) $(top_builddir)/libtool'
LIPO=''
LN_S='ln -s'
LTLIBOBJS=''
MAKEINFO='${SHELL} /home/paul/geda-pcb/pcb2gcode-1.1.4/m4/missing --run makeinfo'
MANIFEST_TOOL=':'
MKDIR_P='/bin/mkdir -p'
NM='/bin/nm -B'
NMEDIT=''
OBJDUMP='objdump'
OBJEXT='o'
OTOOL64=''
OTOOL=''
PACKAGE='pcb2gcode'
PACKAGE_BUGREPORT='pbirnzain@users.sourceforge.net'
PACKAGE_NAME='pcb2gcode'
PACKAGE_STRING='pcb2gcode 1.1.4'
PACKAGE_TARNAME='pcb2gcode'
PACKAGE_URL=''
PACKAGE_VERSION='1.1.4'
PATH_SEPARATOR=':'
PKG_CONFIG='/bin/pkg-config'
PKG_CONFIG_LIBDIR=''
PKG_CONFIG_PATH=''
RANLIB='ranlib'
SED='/bin/sed'
SET_MAKE=''
SHELL='/bin/sh'
STRIP='strip'
VERSION='1.1.4'
ac_ct_AR='ar'
ac_ct_CC='gcc'
ac_ct_CXX='g++'
ac_ct_DUMPBIN=''
am__EXEEXT_FALSE=''
am__EXEEXT_TRUE='#'
am__fastdepCC_FALSE='#'
am__fastdepCC_TRUE=''
am__fastdepCXX_FALSE='#'
am__fastdepCXX_TRUE=''
am__include='include'
am__isrc=''
am__leading_dot='.'
am__nodep='_no'
am__quote=''
am__tar='$${TAR-tar} chof - "$$tardir"'
am__untar='$${TAR-tar} xf -'
bindir='${exec_prefix}/bin'
build='x86_64-unknown-linux-gnu'
build_alias=''
build_cpu='x86_64'
build_os='linux-gnu'
build_vendor='unknown'
datadir='${datarootdir}'
datarootdir='${prefix}/share'
docdir='${datarootdir}/doc/${PACKAGE_TARNAME}'
dvidir='${docdir}'
exec_prefix='${prefix}'
gdkmm_CFLAGS='-pthread -I/usr/include/gdkmm-2.4 -I/usr/lib64/gdkmm-2.4/include -I/usr/include/giomm-2.4 -I/usr/lib64/giomm-2.4/include -I/usr/include/pangomm-1.4 -I/usr/lib64/pangomm-1.4/include -I/usr/include/gtk-2.0 -I/usr/include/glibmm-2.4 -I/usr/lib64/glibmm-2.4/include -I/usr/include/glib-2.0 -I/usr/lib64/glib-2.0/include -I/usr/include/sigc++-2.0 -I/usr/lib64/sigc++-2.0/include -I/usr/include/cairomm-1.0 -I/usr/lib64/cairomm-1.0/include -I/usr/include/pango-1.0 -I/usr/include/cairo -I/usr/include/pixman-1 -I/usr/include/freetype2 -I/usr/include/libpng15 -I/usr/lib64/gtk-2.0/include -I/usr/include/atk-1.0 -I/usr/include/gdk-pixbuf-2.0  '
gdkmm_LIBS='-lgdkmm-2.4 -lgiomm-2.4 -lpangomm-1.4 -lgtk-x11-2.0 -lglibmm-2.4 -lcairomm-1.0 -lsigc-2.0 -lgdk-x11-2.0 -latk-1.0 -lgio-2.0 -lpangoft2-1.0 -lpangocairo-1.0 -lgdk_pixbuf-2.0 -lcairo -lpango-1.0 -lfreetype -lfontconfig -lgobject-2.0 -lglib-2.0  '
gerbv_CFLAGS='-pthread -I/usr/include/gerbv-2.6.0 -I/usr/include/glib-2.0 -I/usr/lib64/glib-2.0/include -I/usr/include/gtk-2.0 -I/usr/lib64/gtk-2.0/include -I/usr/include/atk-1.0 -I/usr/include/cairo -I/usr/include/gdk-pixbuf-2.0 -I/usr/include/pango-1.0 -I/usr/include/pixman-1 -I/usr/include/freetype2 -I/usr/include/libpng15  '
gerbv_LIBS='-lgerbv -lgtk-x11-2.0 -lgdk-x11-2.0 -latk-1.0 -lgio-2.0 -lpangoft2-1.0 -lpangocairo-1.0 -lgdk_pixbuf-2.0 -lcairo -lpango-1.0 -lfreetype -lfontconfig -lgobject-2.0 -lglib-2.0  '
glibmm_CFLAGS='-I/usr/include/glibmm-2.4 -I/usr/lib64/glibmm-2.4/include -I/usr/include/sigc++-2.0 -I/usr/lib64/sigc++-2.0/include -I/usr/include/glib-2.0 -I/usr/lib64/glib-2.0/include  '
glibmm_LIBS='-lglibmm-2.4 -lgobject-2.0 -lsigc-2.0 -lglib-2.0  '
host='x86_64-unknown-linux-gnu'
host_alias=''
host_cpu='x86_64'
host_os='linux-gnu'
host_vendor='unknown'
htmldir='${docdir}'
includedir='${prefix}/include'
infodir='${datarootdir}/info'
install_sh='${SHELL} /home/paul/geda-pcb/pcb2gcode-1.1.4/m4/install-sh'
libdir='${exec_prefix}/lib'
libexecdir='${exec_prefix}/libexec'
localedir='${datarootdir}/locale'
localstatedir='${prefix}/var'
mandir='${datarootdir}/man'
mkdir_p='$(MKDIR_P)'
oldincludedir='/usr/include'
pdfdir='${docdir}'
prefix='/usr/local'
program_transform_name='s,x,x,'
psdir='${docdir}'
sbindir='${exec_prefix}/sbin'
sharedstatedir='${prefix}/com'
sysconfdir='${prefix}/etc'
target_alias=''

## ----------- ##
## confdefs.h. ##
## ----------- ##

/* confdefs.h */
#define PACKAGE_NAME "pcb2gcode"
#define PACKAGE_TARNAME "pcb2gcode"
#define PACKAGE_VERSION "1.1.4"
#define PACKAGE_STRING "pcb2gcode 1.1.4"
#define PACKAGE_BUGREPORT "pbirnzain@users.sourceforge.net"
#define PACKAGE_URL ""
#define PACKAGE "pcb2gcode"
#define VERSION "1.1.4"
#define STDC_HEADERS 1
#define HAVE_SYS_TYPES_H 1
#define HAVE_SYS_STAT_H 1
#define HAVE_STDLIB_H 1
#define HAVE_STRING_H 1
#define HAVE_MEMORY_H 1
#define HAVE_STRINGS_H 1
#define HAVE_INTTYPES_H 1
#define HAVE_STDINT_H 1
#define HAVE_UNISTD_H 1
#define HAVE_DLFCN_H 1
#define LT_OBJDIR ".libs/"
#define HAVE_BOOST_PROGRAM_OPTIONS_HPP 1
#define HAVE_BOOST_SCOPED_PTR_HPP 1
#define HAVE_BOOST_SHARED_PTR_HPP 1
#define HAVE_BOOST_FOREACH_HPP 1
#define HAVE_BOOST_TUPLE_TUPLE_HPP 1
#define STDC_HEADERS 1
#define HAVE__BOOL 1
#define HAVE_STDBOOL_H 1

configure: exit 0
